2019-01-03 14:58:55,168 - com.fan1111.WildMisApplication - Starting WildMisApplication on LAPTOP-GG6QB216 with PID 17856 (started by 41670 in D:\JetBrains\IntelliJ IDEA 2018.3.1\workspace\wildMIS)
2019-01-03 14:58:55,169 - com.fan1111.WildMisApplication - No active profile set, falling back to default profiles: default
2019-01-03 14:58:55,584 - org.hibernate.validator.internal.util.Version - HV000001: Hibernate Validator 5.3.6.Final
2019-01-03 14:58:55,777 - org.springframework.boot.context.embedded.AnnotationConfigEmbeddedWebApplicationContext - Refreshing org.springframework.boot.context.embedded.AnnotationConfigEmbeddedWebApplicationContext@750ac706: startup date [Thu Jan 03 14:58:55 CST 2019]; root of context hierarchy
2019-01-03 14:58:58,162 - org.springframework.boot.context.embedded.tomcat.TomcatEmbeddedServletContainer - Tomcat initialized with port(s): 80 (http)
2019-01-03 14:58:58,202 - org.apache.coyote.http11.Http11NioProtocol - Initializing ProtocolHandler ["http-nio-80"]
2019-01-03 14:58:58,222 - org.apache.catalina.core.StandardService - Starting service [Tomcat]
2019-01-03 14:58:58,222 - org.apache.catalina.core.StandardEngine - Starting Servlet Engine: Apache Tomcat/8.5.31
2019-01-03 14:58:58,447 - org.apache.catalina.core.ContainerBase.[Tomcat].[localhost].[/] - Initializing Spring embedded WebApplicationContext
2019-01-03 14:58:58,447 - org.springframework.web.context.ContextLoader - Root WebApplicationContext: initialization completed in 2670 ms
2019-01-03 14:58:58,711 - org.springframework.boot.web.servlet.ServletRegistrationBean - Mapping servlet: 'dispatcherServlet' to [/]
2019-01-03 14:58:58,714 - org.springframework.boot.web.servlet.FilterRegistrationBean - Mapping filter: 'characterEncodingFilter' to: [/*]
2019-01-03 14:58:58,715 - org.springframework.boot.web.servlet.FilterRegistrationBean - Mapping filter: 'hiddenHttpMethodFilter' to: [/*]
2019-01-03 14:58:58,715 - org.springframework.boot.web.servlet.FilterRegistrationBean - Mapping filter: 'httpPutFormContentFilter' to: [/*]
2019-01-03 14:58:58,715 - org.springframework.boot.web.servlet.FilterRegistrationBean - Mapping filter: 'requestContextFilter' to: [/*]
2019-01-03 14:58:59,542 - org.springframework.web.servlet.mvc.method.annotation.RequestMappingHandlerAdapter - Looking for @ControllerAdvice: org.springframework.boot.context.embedded.AnnotationConfigEmbeddedWebApplicationContext@750ac706: startup date [Thu Jan 03 14:58:55 CST 2019]; root of context hierarchy
2019-01-03 14:58:59,604 - org.springframework.web.servlet.mvc.method.annotation.RequestMappingHandlerMapping - Mapped "{[/frame]}" onto public java.lang.String com.fan1111.controller.FrameController.index(org.springframework.ui.Model)
2019-01-03 14:58:59,606 - org.springframework.web.servlet.mvc.method.annotation.RequestMappingHandlerMapping - Mapped "{[/form.html]}" onto public java.lang.String com.fan1111.controller.FrameController.form(org.springframework.ui.Model)
2019-01-03 14:58:59,606 - org.springframework.web.servlet.mvc.method.annotation.RequestMappingHandlerMapping - Mapped "{[/chart.html]}" onto public java.lang.String com.fan1111.controller.FrameController.chart(org.springframework.ui.Model)
2019-01-03 14:58:59,606 - org.springframework.web.servlet.mvc.method.annotation.RequestMappingHandlerMapping - Mapped "{[/tabpanel.html]}" onto public java.lang.String com.fan1111.controller.FrameController.tabpanel(org.springframework.ui.Model)
2019-01-03 14:58:59,606 - org.springframework.web.servlet.mvc.method.annotation.RequestMappingHandlerMapping - Mapped "{[/ui.html]}" onto public java.lang.String com.fan1111.controller.FrameController.ui(org.springframework.ui.Model)
2019-01-03 14:58:59,607 - org.springframework.web.servlet.mvc.method.annotation.RequestMappingHandlerMapping - Mapped "{[/regist.html]}" onto public java.lang.String com.fan1111.controller.LoginController.register()
2019-01-03 14:58:59,608 - org.springframework.web.servlet.mvc.method.annotation.RequestMappingHandlerMapping - Mapped "{[/]}" onto public java.lang.String com.fan1111.controller.LoginController.login()
2019-01-03 14:58:59,608 - org.springframework.web.servlet.mvc.method.annotation.RequestMappingHandlerMapping - Mapped "{[/forgetPassword.html]}" onto public java.lang.String com.fan1111.controller.LoginController.forgetPassword()
2019-01-03 14:58:59,609 - org.springframework.web.servlet.mvc.method.annotation.RequestMappingHandlerMapping - Mapped "{[/welcome]}" onto public java.lang.String com.fan1111.controller.LoginController.doLogin(java.lang.String,java.lang.String,javax.servlet.http.HttpSession,javax.servlet.http.HttpServletRequest,org.springframework.ui.Model)
2019-01-03 14:58:59,609 - org.springframework.web.servlet.mvc.method.annotation.RequestMappingHandlerMapping - Mapped "{[/exit.html]}" onto public java.lang.String com.fan1111.controller.LoginController.loginOut(javax.servlet.http.HttpSession)
2019-01-03 14:58:59,611 - org.springframework.web.servlet.mvc.method.annotation.RequestMappingHandlerMapping - Mapped "{[/student],methods=[GET]}" onto public java.lang.String com.fan1111.controller.StudentController.queryStudens(java.lang.String,java.lang.String,org.springframework.ui.Model)
2019-01-03 14:58:59,618 - org.springframework.web.servlet.mvc.method.annotation.RequestMappingHandlerMapping - Mapped "{[/user/pwdSave.html]}" onto public java.lang.String com.fan1111.controller.UserController.updateUserPassword(java.lang.String,java.lang.String,java.lang.String,javax.servlet.http.HttpSession,javax.servlet.http.HttpServletRequest)
2019-01-03 14:58:59,618 - org.springframework.web.servlet.mvc.method.annotation.RequestMappingHandlerMapping - Mapped "{[/user/pwdModify.html]}" onto public java.lang.String com.fan1111.controller.UserController.modifyUserPassword()
2019-01-03 14:58:59,618 - org.springframework.web.servlet.mvc.method.annotation.RequestMappingHandlerMapping - Mapped "{[/user/userAdd.html]}" onto public java.lang.String com.fan1111.controller.UserController.addUser()
2019-01-03 14:58:59,618 - org.springframework.web.servlet.mvc.method.annotation.RequestMappingHandlerMapping - Mapped "{[/user/checkOldPassword],methods=[GET]}" onto public java.lang.Object com.fan1111.controller.UserController.checkOldPassword(java.lang.String,javax.servlet.http.HttpSession)
2019-01-03 14:58:59,619 - org.springframework.web.servlet.mvc.method.annotation.RequestMappingHandlerMapping - Mapped "{[/user/deleteUser],methods=[GET]}" onto public java.lang.Object com.fan1111.controller.UserController.deleteUser(java.lang.Integer)
2019-01-03 14:58:59,619 - org.springframework.web.servlet.mvc.method.annotation.RequestMappingHandlerMapping - Mapped "{[/user/userUpdate.html],methods=[POST]}" onto public java.lang.String com.fan1111.controller.UserController.updateUser(com.fan1111.entity.User,javax.servlet.http.HttpSession)
2019-01-03 14:58:59,619 - org.springframework.web.servlet.mvc.method.annotation.RequestMappingHandlerMapping - Mapped "{[/user/syserror]}" onto public java.lang.String com.fan1111.controller.UserController.errorPage()
2019-01-03 14:58:59,619 - org.springframework.web.servlet.mvc.method.annotation.RequestMappingHandlerMapping - Mapped "{[/user/userModify.html]}" onto public java.lang.String com.fan1111.controller.UserController.modifyUser(java.lang.Integer,javax.servlet.http.HttpServletRequest)
2019-01-03 14:58:59,620 - org.springframework.web.servlet.mvc.method.annotation.RequestMappingHandlerMapping - Mapped "{[/user/checkCode],methods=[GET]}" onto public java.lang.Object com.fan1111.controller.UserController.checkCode(java.lang.String)
2019-01-03 14:58:59,620 - org.springframework.web.servlet.mvc.method.annotation.RequestMappingHandlerMapping - Mapped "{[/user/userSave.html],methods=[POST]}" onto public java.lang.String com.fan1111.controller.UserController.saveUser(com.fan1111.entity.User,javax.servlet.http.HttpSession,org.springframework.web.multipart.MultipartFile[],javax.servlet.http.HttpServletRequest)
2019-01-03 14:58:59,620 - org.springframework.web.servlet.mvc.method.annotation.RequestMappingHandlerMapping - Mapped "{[/user],methods=[GET]}" onto public java.lang.String com.fan1111.controller.UserController.findUsers(java.lang.String,java.lang.String,org.springframework.ui.Model)
2019-01-03 14:58:59,620 - org.springframework.web.servlet.mvc.method.annotation.RequestMappingHandlerMapping - Mapped "{[/user/view],methods=[GET]}" onto public com.fan1111.entity.User com.fan1111.controller.UserController.viewUser(java.lang.String)
2019-01-03 14:58:59,622 - org.springframework.web.servlet.mvc.method.annotation.RequestMappingHandlerMapping - Mapped "{[/error]}" onto public org.springframework.http.ResponseEntity<java.util.Map<java.lang.String, java.lang.Object>> org.springframework.boot.autoconfigure.web.BasicErrorController.error(javax.servlet.http.HttpServletRequest)
2019-01-03 14:58:59,623 - org.springframework.web.servlet.mvc.method.annotation.RequestMappingHandlerMapping - Mapped "{[/error],produces=[text/html]}" onto public org.springframework.web.servlet.ModelAndView org.springframework.boot.autoconfigure.web.BasicErrorController.errorHtml(javax.servlet.http.HttpServletRequest,javax.servlet.http.HttpServletResponse)
2019-01-03 14:58:59,667 - org.springframework.web.servlet.handler.SimpleUrlHandlerMapping - Mapped URL path [/webjars/**] onto handler of type [class org.springframework.web.servlet.resource.ResourceHttpRequestHandler]
2019-01-03 14:58:59,668 - org.springframework.web.servlet.handler.SimpleUrlHandlerMapping - Mapped URL path [/**] onto handler of type [class org.springframework.web.servlet.resource.ResourceHttpRequestHandler]
2019-01-03 14:58:59,708 - org.springframework.web.servlet.handler.SimpleUrlHandlerMapping - Mapped URL path [/**/favicon.ico] onto handler of type [class org.springframework.web.servlet.resource.ResourceHttpRequestHandler]
2019-01-03 14:59:00,882 - org.springframework.boot.devtools.autoconfigure.OptionalLiveReloadServer - LiveReload server is running on port 35729
2019-01-03 14:59:00,948 - org.springframework.jmx.export.annotation.AnnotationMBeanExporter - Registering beans for JMX exposure on startup
2019-01-03 14:59:00,950 - org.springframework.jmx.export.annotation.AnnotationMBeanExporter - Bean with name 'dataSource' has been autodetected for JMX exposure
2019-01-03 14:59:00,953 - org.springframework.jmx.export.annotation.AnnotationMBeanExporter - Located MBean 'dataSource': registering with JMX server as MBean [com.alibaba.druid.pool:name=dataSource,type=DruidDataSource]
2019-01-03 14:59:00,962 - org.apache.coyote.http11.Http11NioProtocol - Starting ProtocolHandler ["http-nio-80"]
2019-01-03 14:59:00,974 - org.apache.tomcat.util.net.NioSelectorPool - Using a shared selector for servlet write/read
2019-01-03 14:59:01,009 - org.springframework.boot.context.embedded.tomcat.TomcatEmbeddedServletContainer - Tomcat started on port(s): 80 (http)
2019-01-03 14:59:01,012 - com.fan1111.WildMisApplication - Started WildMisApplication in 6.863 seconds (JVM running for 9.004)
2019-01-03 14:59:50,159 - org.apache.catalina.core.ContainerBase.[Tomcat].[localhost].[/] - Initializing Spring FrameworkServlet 'dispatcherServlet'
2019-01-03 14:59:50,159 - org.springframework.web.servlet.DispatcherServlet - FrameworkServlet 'dispatcherServlet': initialization started
2019-01-03 14:59:50,189 - org.springframework.web.servlet.DispatcherServlet - FrameworkServlet 'dispatcherServlet': initialization completed in 30 ms
2019-01-03 14:59:55,436 - com.alibaba.druid.pool.DruidDataSource - {dataSource-1} inited
