2019-02-26 20:30:03,579 - com.fan1111.BrickApplication - Starting BrickApplication on LAPTOP-GG6QB216 with PID 14912 (started by 41670 in D:\JetBrains\IntelliJ IDEA 2018.3.1\workspace\brick)
2019-02-26 20:30:03,582 - com.fan1111.BrickApplication - No active profile set, falling back to default profiles: default
2019-02-26 20:30:03,655 - org.springframework.boot.devtools.env.DevToolsPropertyDefaultsPostProcessor - Devtools property defaults active! Set 'spring.devtools.add-properties' to 'false' to disable
2019-02-26 20:30:03,655 - org.springframework.boot.devtools.env.DevToolsPropertyDefaultsPostProcessor - For additional web related logging consider setting the 'logging.level.web' property to 'DEBUG'
2019-02-26 20:30:04,949 - org.springframework.boot.web.embedded.tomcat.TomcatWebServer - Tomcat initialized with port(s): 80 (http)
2019-02-26 20:30:04,963 - org.apache.coyote.http11.Http11NioProtocol - Initializing ProtocolHandler ["http-nio-80"]
2019-02-26 20:30:04,971 - org.apache.catalina.core.StandardService - Starting service [Tomcat]
2019-02-26 20:30:04,972 - org.apache.catalina.core.StandardEngine - Starting Servlet engine: [Apache Tomcat/9.0.14]
2019-02-26 20:30:04,978 - org.apache.catalina.core.AprLifecycleListener - The APR based Apache Tomcat Native library which allows optimal performance in production environments was not found on the java.library.path: [C:\Program Files\Java\jdk1.8.0_51\bin;C:\WINDOWS\Sun\Java\bin;C:\WINDOWS\system32;C:\WINDOWS;D:\Anaconda3;D:\Anaconda3\Library\mingw-w64\bin;D:\Anaconda3\Library\usr\bin;D:\Anaconda3\Library\bin;D:\Anaconda3\Scripts;C:\ProgramData\Oracle\Java\javapath;C:\Windows\system32;C:\Windows;C:\Windows\System32\Wbem;C:\Windows\System32\WindowsPowerShell\v1.0\;C:\Program Files (x86)\NVIDIA Corporation\PhysX\Common;C:\Program Files\Java\jdk1.7.0_55\bin;C:\Program Files\dotnet\;C:\Program Files\Microsoft SQL Server\130\Tools\Binn\;C:\Program Files (x86)\MySQL\MySQL Fabric 1.5 & MySQL Utilities 1.5\;C:\Program Files (x86)\MySQL\MySQL Fabric 1.5 & MySQL Utilities 1.5\Doctrine extensions for PHP\;C:\WINDOWS;C:\WINDOWS\system32;C:\WINDOWS\System32\Wbem;C:\WINDOWS\System32\WindowsPowerShell\v1.0\;C:\WINDOWS\System32\OpenSSH\;D:\Program Files\Apache\maven\bin;C:\Program Files\MySQL\MySQL Server 5.7\bin;D:\Program Files\phantomjs-2.1.1-windows\bin;D:\Git\cmd;D:\JetBrains\Anaconda3;D:\JetBrains\Anaconda3\Library\mingw-w64\bin;D:\JetBrains\Anaconda3\Library\usr\bin;D:\JetBrains\Anaconda3\Library\bin;D:\JetBrains\Anaconda3\Scripts;C:\Users\41670\AppData\Local\Microsoft\WindowsApps;D:\PyCharm Community Edition 2018.3\bin;;;.]
2019-02-26 20:30:05,103 - org.apache.catalina.core.ContainerBase.[Tomcat].[localhost].[/] - Initializing Spring embedded WebApplicationContext
2019-02-26 20:30:05,103 - org.springframework.web.context.ContextLoader - Root WebApplicationContext: initialization completed in 1447 ms
2019-02-26 20:30:05,563 - org.springframework.scheduling.concurrent.ThreadPoolTaskExecutor - Initializing ExecutorService 'applicationTaskExecutor'
2019-02-26 20:30:05,776 - org.springframework.boot.devtools.autoconfigure.OptionalLiveReloadServer - LiveReload server is running on port 35729
2019-02-26 20:30:05,803 - org.apache.coyote.http11.Http11NioProtocol - Starting ProtocolHandler ["http-nio-80"]
2019-02-26 20:30:05,829 - org.springframework.boot.web.embedded.tomcat.TomcatWebServer - Tomcat started on port(s): 80 (http) with context path ''
2019-02-26 20:30:05,832 - com.fan1111.BrickApplication - Started BrickApplication in 2.67 seconds (JVM running for 3.873)
2019-02-26 20:31:35,513 - org.apache.catalina.core.ContainerBase.[Tomcat].[localhost].[/] - Initializing Spring DispatcherServlet 'dispatcherServlet'
2019-02-26 20:31:35,513 - org.springframework.web.servlet.DispatcherServlet - Initializing Servlet 'dispatcherServlet'
2019-02-26 20:31:35,518 - org.springframework.web.servlet.DispatcherServlet - Completed initialization in 5 ms
2019-02-26 20:32:05,075 - com.alibaba.druid.pool.DruidDataSource - {dataSource-1} inited
2019-02-26 20:42:16,195 - org.springframework.scheduling.concurrent.ThreadPoolTaskExecutor - Shutting down ExecutorService 'applicationTaskExecutor'
2019-02-26 20:42:16,198 - com.alibaba.druid.pool.DruidDataSource - {dataSource-1} closed
2019-02-26 20:42:16,942 - com.fan1111.BrickApplication - Starting BrickApplication on LAPTOP-GG6QB216 with PID 14912 (started by 41670 in D:\JetBrains\IntelliJ IDEA 2018.3.1\workspace\brick)
2019-02-26 20:42:16,943 - com.fan1111.BrickApplication - No active profile set, falling back to default profiles: default
2019-02-26 20:42:17,247 - org.springframework.boot.web.embedded.tomcat.TomcatWebServer - Tomcat initialized with port(s): 80 (http)
2019-02-26 20:42:17,248 - org.apache.coyote.http11.Http11NioProtocol - Initializing ProtocolHandler ["http-nio-80"]
2019-02-26 20:42:17,248 - org.apache.catalina.core.StandardService - Starting service [Tomcat]
2019-02-26 20:42:17,249 - org.apache.catalina.core.StandardEngine - Starting Servlet engine: [Apache Tomcat/9.0.14]
2019-02-26 20:42:17,292 - org.apache.catalina.core.ContainerBase.[Tomcat].[localhost].[/] - Initializing Spring embedded WebApplicationContext
2019-02-26 20:42:17,292 - org.springframework.web.context.ContextLoader - Root WebApplicationContext: initialization completed in 348 ms
2019-02-26 20:42:23,936 - com.fan1111.BrickApplication - Starting BrickApplication on LAPTOP-GG6QB216 with PID 9228 (started by 41670 in D:\JetBrains\IntelliJ IDEA 2018.3.1\workspace\brick)
2019-02-26 20:42:23,938 - com.fan1111.BrickApplication - No active profile set, falling back to default profiles: default
2019-02-26 20:42:24,007 - org.springframework.boot.devtools.env.DevToolsPropertyDefaultsPostProcessor - Devtools property defaults active! Set 'spring.devtools.add-properties' to 'false' to disable
2019-02-26 20:42:24,008 - org.springframework.boot.devtools.env.DevToolsPropertyDefaultsPostProcessor - For additional web related logging consider setting the 'logging.level.web' property to 'DEBUG'
2019-02-26 20:42:25,168 - org.springframework.boot.web.embedded.tomcat.TomcatWebServer - Tomcat initialized with port(s): 80 (http)
2019-02-26 20:42:25,180 - org.apache.coyote.http11.Http11NioProtocol - Initializing ProtocolHandler ["http-nio-80"]
2019-02-26 20:42:25,189 - org.apache.catalina.core.StandardService - Starting service [Tomcat]
2019-02-26 20:42:25,189 - org.apache.catalina.core.StandardEngine - Starting Servlet engine: [Apache Tomcat/9.0.14]
2019-02-26 20:42:25,195 - org.apache.catalina.core.AprLifecycleListener - The APR based Apache Tomcat Native library which allows optimal performance in production environments was not found on the java.library.path: [C:\Program Files\Java\jdk1.8.0_51\bin;C:\WINDOWS\Sun\Java\bin;C:\WINDOWS\system32;C:\WINDOWS;D:\Anaconda3;D:\Anaconda3\Library\mingw-w64\bin;D:\Anaconda3\Library\usr\bin;D:\Anaconda3\Library\bin;D:\Anaconda3\Scripts;C:\ProgramData\Oracle\Java\javapath;C:\Windows\system32;C:\Windows;C:\Windows\System32\Wbem;C:\Windows\System32\WindowsPowerShell\v1.0\;C:\Program Files (x86)\NVIDIA Corporation\PhysX\Common;C:\Program Files\Java\jdk1.7.0_55\bin;C:\Program Files\dotnet\;C:\Program Files\Microsoft SQL Server\130\Tools\Binn\;C:\Program Files (x86)\MySQL\MySQL Fabric 1.5 & MySQL Utilities 1.5\;C:\Program Files (x86)\MySQL\MySQL Fabric 1.5 & MySQL Utilities 1.5\Doctrine extensions for PHP\;C:\WINDOWS;C:\WINDOWS\system32;C:\WINDOWS\System32\Wbem;C:\WINDOWS\System32\WindowsPowerShell\v1.0\;C:\WINDOWS\System32\OpenSSH\;D:\Program Files\Apache\maven\bin;C:\Program Files\MySQL\MySQL Server 5.7\bin;D:\Program Files\phantomjs-2.1.1-windows\bin;D:\Git\cmd;D:\JetBrains\Anaconda3;D:\JetBrains\Anaconda3\Library\mingw-w64\bin;D:\JetBrains\Anaconda3\Library\usr\bin;D:\JetBrains\Anaconda3\Library\bin;D:\JetBrains\Anaconda3\Scripts;C:\Users\41670\AppData\Local\Microsoft\WindowsApps;D:\PyCharm Community Edition 2018.3\bin;;;.]
2019-02-26 20:42:25,319 - org.apache.catalina.core.ContainerBase.[Tomcat].[localhost].[/] - Initializing Spring embedded WebApplicationContext
2019-02-26 20:42:25,319 - org.springframework.web.context.ContextLoader - Root WebApplicationContext: initialization completed in 1311 ms
2019-02-26 20:42:25,844 - org.springframework.scheduling.concurrent.ThreadPoolTaskExecutor - Initializing ExecutorService 'applicationTaskExecutor'
2019-02-26 20:42:26,058 - org.springframework.boot.devtools.autoconfigure.OptionalLiveReloadServer - LiveReload server is running on port 35729
2019-02-26 20:42:26,088 - org.apache.coyote.http11.Http11NioProtocol - Starting ProtocolHandler ["http-nio-80"]
2019-02-26 20:42:26,113 - org.springframework.boot.web.embedded.tomcat.TomcatWebServer - Tomcat started on port(s): 80 (http) with context path ''
2019-02-26 20:42:26,115 - com.fan1111.BrickApplication - Started BrickApplication in 2.543 seconds (JVM running for 3.836)
2019-02-26 20:42:41,374 - org.apache.catalina.core.ContainerBase.[Tomcat].[localhost].[/] - Initializing Spring DispatcherServlet 'dispatcherServlet'
2019-02-26 20:42:41,374 - org.springframework.web.servlet.DispatcherServlet - Initializing Servlet 'dispatcherServlet'
2019-02-26 20:42:41,379 - org.springframework.web.servlet.DispatcherServlet - Completed initialization in 4 ms
2019-02-26 20:42:42,850 - com.alibaba.druid.pool.DruidDataSource - {dataSource-1} inited
2019-02-26 20:43:09,356 - com.fan1111.BrickApplication - Starting BrickApplication on LAPTOP-GG6QB216 with PID 18108 (started by 41670 in D:\JetBrains\IntelliJ IDEA 2018.3.1\workspace\brick)
2019-02-26 20:43:09,358 - com.fan1111.BrickApplication - No active profile set, falling back to default profiles: default
2019-02-26 20:43:09,431 - org.springframework.boot.devtools.env.DevToolsPropertyDefaultsPostProcessor - Devtools property defaults active! Set 'spring.devtools.add-properties' to 'false' to disable
2019-02-26 20:43:09,431 - org.springframework.boot.devtools.env.DevToolsPropertyDefaultsPostProcessor - For additional web related logging consider setting the 'logging.level.web' property to 'DEBUG'
2019-02-26 20:43:10,616 - org.springframework.boot.web.embedded.tomcat.TomcatWebServer - Tomcat initialized with port(s): 80 (http)
2019-02-26 20:43:10,629 - org.apache.coyote.http11.Http11NioProtocol - Initializing ProtocolHandler ["http-nio-80"]
2019-02-26 20:43:10,638 - org.apache.catalina.core.StandardService - Starting service [Tomcat]
2019-02-26 20:43:10,638 - org.apache.catalina.core.StandardEngine - Starting Servlet engine: [Apache Tomcat/9.0.14]
2019-02-26 20:43:10,644 - org.apache.catalina.core.AprLifecycleListener - The APR based Apache Tomcat Native library which allows optimal performance in production environments was not found on the java.library.path: [C:\Program Files\Java\jdk1.8.0_51\bin;C:\WINDOWS\Sun\Java\bin;C:\WINDOWS\system32;C:\WINDOWS;D:\Anaconda3;D:\Anaconda3\Library\mingw-w64\bin;D:\Anaconda3\Library\usr\bin;D:\Anaconda3\Library\bin;D:\Anaconda3\Scripts;C:\ProgramData\Oracle\Java\javapath;C:\Windows\system32;C:\Windows;C:\Windows\System32\Wbem;C:\Windows\System32\WindowsPowerShell\v1.0\;C:\Program Files (x86)\NVIDIA Corporation\PhysX\Common;C:\Program Files\Java\jdk1.7.0_55\bin;C:\Program Files\dotnet\;C:\Program Files\Microsoft SQL Server\130\Tools\Binn\;C:\Program Files (x86)\MySQL\MySQL Fabric 1.5 & MySQL Utilities 1.5\;C:\Program Files (x86)\MySQL\MySQL Fabric 1.5 & MySQL Utilities 1.5\Doctrine extensions for PHP\;C:\WINDOWS;C:\WINDOWS\system32;C:\WINDOWS\System32\Wbem;C:\WINDOWS\System32\WindowsPowerShell\v1.0\;C:\WINDOWS\System32\OpenSSH\;D:\Program Files\Apache\maven\bin;C:\Program Files\MySQL\MySQL Server 5.7\bin;D:\Program Files\phantomjs-2.1.1-windows\bin;D:\Git\cmd;D:\JetBrains\Anaconda3;D:\JetBrains\Anaconda3\Library\mingw-w64\bin;D:\JetBrains\Anaconda3\Library\usr\bin;D:\JetBrains\Anaconda3\Library\bin;D:\JetBrains\Anaconda3\Scripts;C:\Users\41670\AppData\Local\Microsoft\WindowsApps;D:\PyCharm Community Edition 2018.3\bin;;;.]
2019-02-26 20:43:10,776 - org.apache.catalina.core.ContainerBase.[Tomcat].[localhost].[/] - Initializing Spring embedded WebApplicationContext
2019-02-26 20:43:10,776 - org.springframework.web.context.ContextLoader - Root WebApplicationContext: initialization completed in 1345 ms
2019-02-26 20:43:11,215 - org.springframework.scheduling.concurrent.ThreadPoolTaskExecutor - Initializing ExecutorService 'applicationTaskExecutor'
2019-02-26 20:43:11,403 - org.springframework.boot.devtools.autoconfigure.OptionalLiveReloadServer - LiveReload server is running on port 35729
2019-02-26 20:43:11,430 - org.apache.coyote.http11.Http11NioProtocol - Starting ProtocolHandler ["http-nio-80"]
2019-02-26 20:43:11,451 - org.springframework.boot.web.embedded.tomcat.TomcatWebServer - Tomcat started on port(s): 80 (http) with context path ''
2019-02-26 20:43:11,454 - com.fan1111.BrickApplication - Started BrickApplication in 2.449 seconds (JVM running for 3.611)
2019-02-26 20:43:23,494 - org.apache.catalina.core.ContainerBase.[Tomcat].[localhost].[/] - Initializing Spring DispatcherServlet 'dispatcherServlet'
2019-02-26 20:43:23,494 - org.springframework.web.servlet.DispatcherServlet - Initializing Servlet 'dispatcherServlet'
2019-02-26 20:43:23,499 - org.springframework.web.servlet.DispatcherServlet - Completed initialization in 5 ms
2019-02-26 20:43:23,579 - com.alibaba.druid.pool.DruidDataSource - {dataSource-1} inited
2019-02-26 20:43:50,955 - org.springframework.scheduling.concurrent.ThreadPoolTaskExecutor - Shutting down ExecutorService 'applicationTaskExecutor'
2019-02-26 20:43:50,958 - com.alibaba.druid.pool.DruidDataSource - {dataSource-1} closed
2019-02-26 20:43:51,649 - com.fan1111.BrickApplication - Starting BrickApplication on LAPTOP-GG6QB216 with PID 18108 (started by 41670 in D:\JetBrains\IntelliJ IDEA 2018.3.1\workspace\brick)
2019-02-26 20:43:51,649 - com.fan1111.BrickApplication - No active profile set, falling back to default profiles: default
2019-02-26 20:43:52,065 - org.springframework.boot.web.embedded.tomcat.TomcatWebServer - Tomcat initialized with port(s): 80 (http)
2019-02-26 20:43:52,066 - org.apache.coyote.http11.Http11NioProtocol - Initializing ProtocolHandler ["http-nio-80"]
2019-02-26 20:43:52,067 - org.apache.catalina.core.StandardService - Starting service [Tomcat]
2019-02-26 20:43:52,067 - org.apache.catalina.core.StandardEngine - Starting Servlet engine: [Apache Tomcat/9.0.14]
2019-02-26 20:43:52,109 - org.apache.catalina.core.ContainerBase.[Tomcat].[localhost].[/] - Initializing Spring embedded WebApplicationContext
2019-02-26 20:43:52,109 - org.springframework.web.context.ContextLoader - Root WebApplicationContext: initialization completed in 457 ms
2019-02-26 20:43:52,243 - org.springframework.scheduling.concurrent.ThreadPoolTaskExecutor - Initializing ExecutorService 'applicationTaskExecutor'
2019-02-26 20:43:52,315 - org.springframework.boot.devtools.autoconfigure.OptionalLiveReloadServer - LiveReload server is running on port 35729
2019-02-26 20:43:52,330 - org.apache.coyote.http11.Http11NioProtocol - Starting ProtocolHandler ["http-nio-80"]
2019-02-26 20:43:52,334 - org.springframework.boot.web.embedded.tomcat.TomcatWebServer - Tomcat started on port(s): 80 (http) with context path ''
2019-02-26 20:43:52,334 - com.fan1111.BrickApplication - Started BrickApplication in 0.741 seconds (JVM running for 44.492)
2019-02-26 20:43:52,336 - org.springframework.boot.devtools.autoconfigure.ConditionEvaluationDeltaLoggingListener - Condition evaluation unchanged
2019-02-26 20:44:25,155 - com.fan1111.BrickApplication - Starting BrickApplication on LAPTOP-GG6QB216 with PID 14248 (started by 41670 in D:\JetBrains\IntelliJ IDEA 2018.3.1\workspace\brick)
2019-02-26 20:44:25,158 - com.fan1111.BrickApplication - No active profile set, falling back to default profiles: default
2019-02-26 20:44:25,229 - org.springframework.boot.devtools.env.DevToolsPropertyDefaultsPostProcessor - Devtools property defaults active! Set 'spring.devtools.add-properties' to 'false' to disable
2019-02-26 20:44:25,229 - org.springframework.boot.devtools.env.DevToolsPropertyDefaultsPostProcessor - For additional web related logging consider setting the 'logging.level.web' property to 'DEBUG'
2019-02-26 20:44:26,494 - org.springframework.boot.web.embedded.tomcat.TomcatWebServer - Tomcat initialized with port(s): 80 (http)
2019-02-26 20:44:26,506 - org.apache.coyote.http11.Http11NioProtocol - Initializing ProtocolHandler ["http-nio-80"]
2019-02-26 20:44:26,514 - org.apache.catalina.core.StandardService - Starting service [Tomcat]
2019-02-26 20:44:26,515 - org.apache.catalina.core.StandardEngine - Starting Servlet engine: [Apache Tomcat/9.0.14]
2019-02-26 20:44:26,520 - org.apache.catalina.core.AprLifecycleListener - The APR based Apache Tomcat Native library which allows optimal performance in production environments was not found on the java.library.path: [C:\Program Files\Java\jdk1.8.0_51\bin;C:\WINDOWS\Sun\Java\bin;C:\WINDOWS\system32;C:\WINDOWS;D:\Anaconda3;D:\Anaconda3\Library\mingw-w64\bin;D:\Anaconda3\Library\usr\bin;D:\Anaconda3\Library\bin;D:\Anaconda3\Scripts;C:\ProgramData\Oracle\Java\javapath;C:\Windows\system32;C:\Windows;C:\Windows\System32\Wbem;C:\Windows\System32\WindowsPowerShell\v1.0\;C:\Program Files (x86)\NVIDIA Corporation\PhysX\Common;C:\Program Files\Java\jdk1.7.0_55\bin;C:\Program Files\dotnet\;C:\Program Files\Microsoft SQL Server\130\Tools\Binn\;C:\Program Files (x86)\MySQL\MySQL Fabric 1.5 & MySQL Utilities 1.5\;C:\Program Files (x86)\MySQL\MySQL Fabric 1.5 & MySQL Utilities 1.5\Doctrine extensions for PHP\;C:\WINDOWS;C:\WINDOWS\system32;C:\WINDOWS\System32\Wbem;C:\WINDOWS\System32\WindowsPowerShell\v1.0\;C:\WINDOWS\System32\OpenSSH\;D:\Program Files\Apache\maven\bin;C:\Program Files\MySQL\MySQL Server 5.7\bin;D:\Program Files\phantomjs-2.1.1-windows\bin;D:\Git\cmd;D:\JetBrains\Anaconda3;D:\JetBrains\Anaconda3\Library\mingw-w64\bin;D:\JetBrains\Anaconda3\Library\usr\bin;D:\JetBrains\Anaconda3\Library\bin;D:\JetBrains\Anaconda3\Scripts;C:\Users\41670\AppData\Local\Microsoft\WindowsApps;D:\PyCharm Community Edition 2018.3\bin;;;.]
2019-02-26 20:44:26,634 - org.apache.catalina.core.ContainerBase.[Tomcat].[localhost].[/] - Initializing Spring embedded WebApplicationContext
2019-02-26 20:44:26,634 - org.springframework.web.context.ContextLoader - Root WebApplicationContext: initialization completed in 1404 ms
2019-02-26 20:44:27,047 - org.springframework.scheduling.concurrent.ThreadPoolTaskExecutor - Initializing ExecutorService 'applicationTaskExecutor'
2019-02-26 20:44:27,258 - org.springframework.boot.devtools.autoconfigure.OptionalLiveReloadServer - LiveReload server is running on port 35729
2019-02-26 20:44:27,283 - org.apache.coyote.http11.Http11NioProtocol - Starting ProtocolHandler ["http-nio-80"]
2019-02-26 20:44:27,304 - org.springframework.boot.web.embedded.tomcat.TomcatWebServer - Tomcat started on port(s): 80 (http) with context path ''
2019-02-26 20:44:27,307 - com.fan1111.BrickApplication - Started BrickApplication in 2.526 seconds (JVM running for 3.744)
2019-02-26 20:45:02,373 - org.apache.catalina.core.ContainerBase.[Tomcat].[localhost].[/] - Initializing Spring DispatcherServlet 'dispatcherServlet'
2019-02-26 20:45:02,374 - org.springframework.web.servlet.DispatcherServlet - Initializing Servlet 'dispatcherServlet'
2019-02-26 20:45:02,383 - org.springframework.web.servlet.DispatcherServlet - Completed initialization in 8 ms
2019-02-26 20:45:02,467 - com.alibaba.druid.pool.DruidDataSource - {dataSource-1} inited
