2019-05-06 14:22:19,102 - com.fan1111.BrickApplication - Starting BrickApplication on uf201701039 with PID 5608 (started by Administrator in D:\software\IntelliJ IDEA 2018.3.1\workspace\brick_git)
2019-05-06 14:22:19,102 - com.fan1111.BrickApplication - No active profile set, falling back to default profiles: default
2019-05-06 14:22:19,258 - org.springframework.boot.devtools.env.DevToolsPropertyDefaultsPostProcessor - Devtools property defaults active! Set 'spring.devtools.add-properties' to 'false' to disable
2019-05-06 14:22:19,258 - org.springframework.boot.devtools.env.DevToolsPropertyDefaultsPostProcessor - For additional web related logging consider setting the 'logging.level.web' property to 'DEBUG'
2019-05-06 14:22:20,883 - org.springframework.boot.web.embedded.tomcat.TomcatWebServer - Tomcat initialized with port(s): 3456 (http)
2019-05-06 14:22:20,898 - org.apache.coyote.http11.Http11NioProtocol - Initializing ProtocolHandler ["http-nio-3456"]
2019-05-06 14:22:20,914 - org.apache.catalina.core.StandardService - Starting service [Tomcat]
2019-05-06 14:22:20,914 - org.apache.catalina.core.StandardEngine - Starting Servlet engine: [Apache Tomcat/9.0.14]
2019-05-06 14:22:20,914 - org.apache.catalina.core.AprLifecycleListener - The APR based Apache Tomcat Native library which allows optimal performance in production environments was not found on the java.library.path: [C:\Program Files\Java\jdk1.8.0_191\bin;C:\WINDOWS\Sun\Java\bin;C:\WINDOWS\system32;C:\WINDOWS;C:\Program Files (x86)\Common Files\Oracle\Java\javapath;D:\app\Administrator\product\11.2.0\dbhome_1\bin;C:\Program Files (x86)\Intel\iCLS Client\;C:\Program Files\Intel\iCLS Client\;C:\WINDOWS\system32;C:\WINDOWS;C:\WINDOWS\System32\Wbem;C:\WINDOWS\System32\WindowsPowerShell\v1.0\;C:\Program Files\Intel\WiFi\bin\;C:\Program Files\Common Files\Intel\WirelessCommon\;C:\Program Files (x86)\Intel\Intel(R) Management Engine Components\DAL;C:\Program Files\Intel\Intel(R) Management Engine Components\DAL;C:\Program Files (x86)\Intel\Intel(R) Management Engine Components\IPT;C:\Program Files\Intel\Intel(R) Management Engine Components\IPT;D:\Apache\Maven3.5.4\bin;C:\Java\jdk1.7.0_80\bin;D:\SVN\bin;C:\Program Files\Git\cmd;D:\software\ant\bin;C:\WINDOWS\System32\OpenSSH\;D:\software\TortoiseGit\bin;C:\Program Files\Intel\WiFi\bin\;C:\Program Files\Common Files\Intel\WirelessCommon\;C:\Users\Administrator\AppData\Local\Microsoft\WindowsApps;.]
2019-05-06 14:22:21,211 - org.apache.catalina.core.ContainerBase.[Tomcat].[localhost].[/] - Initializing Spring embedded WebApplicationContext
2019-05-06 14:22:21,211 - org.springframework.web.context.ContextLoader - Root WebApplicationContext: initialization completed in 1953 ms
2019-05-06 14:22:21,945 - org.springframework.scheduling.concurrent.ThreadPoolTaskExecutor - Initializing ExecutorService 'applicationTaskExecutor'
2019-05-06 14:22:22,242 - org.springframework.boot.devtools.autoconfigure.OptionalLiveReloadServer - LiveReload server is running on port 35729
2019-05-06 14:22:22,289 - org.apache.coyote.http11.Http11NioProtocol - Starting ProtocolHandler ["http-nio-3456"]
2019-05-06 14:22:22,320 - org.springframework.boot.web.embedded.tomcat.TomcatWebServer - Tomcat started on port(s): 3456 (http) with context path ''
2019-05-06 14:22:22,335 - com.fan1111.BrickApplication - Started BrickApplication in 4.311 seconds (JVM running for 7.972)
2019-05-06 14:22:36,162 - org.apache.catalina.core.ContainerBase.[Tomcat].[localhost].[/] - Initializing Spring DispatcherServlet 'dispatcherServlet'
2019-05-06 14:22:36,163 - org.springframework.web.servlet.DispatcherServlet - Initializing Servlet 'dispatcherServlet'
2019-05-06 14:22:36,176 - org.springframework.web.servlet.DispatcherServlet - Completed initialization in 13 ms
2019-05-06 14:22:36,190 - com.fan1111.filter.CorsFilter - 进入跨域过滤器
2019-05-06 14:22:36,657 - com.fan1111.filter.CorsFilter - 离开跨域过滤器
2019-05-06 14:22:36,681 - com.fan1111.filter.CorsFilter - 进入跨域过滤器
2019-05-06 14:22:36,711 - com.fan1111.filter.CorsFilter - 离开跨域过滤器
2019-05-06 14:22:36,717 - com.fan1111.filter.CorsFilter - 进入跨域过滤器
2019-05-06 14:22:36,752 - com.fan1111.filter.CorsFilter - 离开跨域过滤器
2019-05-06 14:22:36,768 - com.fan1111.filter.CorsFilter - 进入跨域过滤器
2019-05-06 14:22:36,769 - com.fan1111.filter.CorsFilter - 进入跨域过滤器
2019-05-06 14:22:36,776 - com.fan1111.filter.CorsFilter - 离开跨域过滤器
2019-05-06 14:22:36,777 - com.fan1111.filter.CorsFilter - 离开跨域过滤器
2019-05-06 14:22:36,890 - com.fan1111.filter.CorsFilter - 进入跨域过滤器
2019-05-06 14:22:36,926 - com.fan1111.filter.CorsFilter - 离开跨域过滤器
2019-05-06 14:22:38,348 - com.fan1111.filter.CorsFilter - 进入跨域过滤器
2019-05-06 14:22:38,456 - com.alibaba.druid.pool.DruidDataSource - {dataSource-1} inited
