2018-12-16 10:26:22,293 - org.springframework.boot.context.embedded.AnnotationConfigEmbeddedWebApplicationContext - Closing org.springframework.boot.context.embedded.AnnotationConfigEmbeddedWebApplicationContext@71372459: startup date [Sat Dec 15 17:30:17 CST 2018]; root of context hierarchy
2018-12-16 10:26:22,324 - org.springframework.jmx.export.annotation.AnnotationMBeanExporter - Unregistering JMX-exposed beans on shutdown
2018-12-16 10:26:22,324 - org.springframework.jmx.export.annotation.AnnotationMBeanExporter - Unregistering JMX-exposed beans
2018-12-16 10:26:22,843 - com.fan1111.WildMisApplication - Starting WildMisApplication on LAPTOP-GG6QB216 with PID 232 (started by 41670 in D:\JetBrains\IntelliJ IDEA 2018.3.1\workspace\wildMIS)
2018-12-16 10:26:22,843 - com.fan1111.WildMisApplication - No active profile set, falling back to default profiles: default
2018-12-16 10:26:22,843 - org.springframework.boot.context.embedded.AnnotationConfigEmbeddedWebApplicationContext - Refreshing org.springframework.boot.context.embedded.AnnotationConfigEmbeddedWebApplicationContext@514b2c0c: startup date [Sun Dec 16 10:26:22 CST 2018]; root of context hierarchy
2018-12-16 10:26:23,645 - org.springframework.boot.context.embedded.tomcat.TomcatEmbeddedServletContainer - Tomcat initialized with port(s): 8080 (http)
2018-12-16 10:26:23,645 - org.apache.coyote.http11.Http11NioProtocol - Initializing ProtocolHandler ["http-nio-8080"]
2018-12-16 10:26:23,645 - org.apache.catalina.core.StandardService - Starting service [Tomcat]
2018-12-16 10:26:23,645 - org.apache.catalina.core.StandardEngine - Starting Servlet Engine: Apache Tomcat/8.5.31
2018-12-16 10:26:23,676 - org.apache.catalina.core.ContainerBase.[Tomcat].[localhost].[/] - Initializing Spring embedded WebApplicationContext
2018-12-16 10:26:23,676 - org.springframework.web.context.ContextLoader - Root WebApplicationContext: initialization completed in 833 ms
2018-12-16 10:26:23,699 - org.springframework.boot.web.servlet.ServletRegistrationBean - Mapping servlet: 'dispatcherServlet' to [/]
2018-12-16 10:26:23,699 - org.springframework.boot.web.servlet.FilterRegistrationBean - Mapping filter: 'characterEncodingFilter' to: [/*]
2018-12-16 10:26:23,699 - org.springframework.boot.web.servlet.FilterRegistrationBean - Mapping filter: 'hiddenHttpMethodFilter' to: [/*]
2018-12-16 10:26:23,699 - org.springframework.boot.web.servlet.FilterRegistrationBean - Mapping filter: 'httpPutFormContentFilter' to: [/*]
2018-12-16 10:26:23,699 - org.springframework.boot.web.servlet.FilterRegistrationBean - Mapping filter: 'requestContextFilter' to: [/*]
2018-12-16 10:26:23,846 - org.springframework.web.servlet.mvc.method.annotation.RequestMappingHandlerAdapter - Looking for @ControllerAdvice: org.springframework.boot.context.embedded.AnnotationConfigEmbeddedWebApplicationContext@514b2c0c: startup date [Sun Dec 16 10:26:22 CST 2018]; root of context hierarchy
2018-12-16 10:26:23,861 - org.springframework.web.servlet.mvc.method.annotation.RequestMappingHandlerMapping - Mapped "{[/frame]}" onto public java.lang.String com.fan1111.controller.FrameController.index(org.springframework.ui.Model)
2018-12-16 10:26:23,861 - org.springframework.web.servlet.mvc.method.annotation.RequestMappingHandlerMapping - Mapped "{[/form.html]}" onto public java.lang.String com.fan1111.controller.FrameController.form(org.springframework.ui.Model)
2018-12-16 10:26:23,861 - org.springframework.web.servlet.mvc.method.annotation.RequestMappingHandlerMapping - Mapped "{[/chart.html]}" onto public java.lang.String com.fan1111.controller.FrameController.chart(org.springframework.ui.Model)
2018-12-16 10:26:23,861 - org.springframework.web.servlet.mvc.method.annotation.RequestMappingHandlerMapping - Mapped "{[/tabpanel.html]}" onto public java.lang.String com.fan1111.controller.FrameController.tabpanel(org.springframework.ui.Model)
2018-12-16 10:26:23,861 - org.springframework.web.servlet.mvc.method.annotation.RequestMappingHandlerMapping - Mapped "{[/ui.html]}" onto public java.lang.String com.fan1111.controller.FrameController.ui(org.springframework.ui.Model)
2018-12-16 10:26:23,861 - org.springframework.web.servlet.mvc.method.annotation.RequestMappingHandlerMapping - Mapped "{[/regist.html]}" onto public java.lang.String com.fan1111.controller.LoginController.register()
2018-12-16 10:26:23,861 - org.springframework.web.servlet.mvc.method.annotation.RequestMappingHandlerMapping - Mapped "{[/exit.html]}" onto public java.lang.String com.fan1111.controller.LoginController.loginOut(javax.servlet.http.HttpSession)
2018-12-16 10:26:23,861 - org.springframework.web.servlet.mvc.method.annotation.RequestMappingHandlerMapping - Mapped "{[/forgetPassword.html]}" onto public java.lang.String com.fan1111.controller.LoginController.forgetPassword()
2018-12-16 10:26:23,861 - org.springframework.web.servlet.mvc.method.annotation.RequestMappingHandlerMapping - Mapped "{[/]}" onto public java.lang.String com.fan1111.controller.LoginController.login()
2018-12-16 10:26:23,861 - org.springframework.web.servlet.mvc.method.annotation.RequestMappingHandlerMapping - Mapped "{[/welcome]}" onto public java.lang.String com.fan1111.controller.LoginController.doLogin(java.lang.String,java.lang.String,javax.servlet.http.HttpSession,javax.servlet.http.HttpServletRequest,org.springframework.ui.Model)
2018-12-16 10:26:23,861 - org.springframework.web.servlet.mvc.method.annotation.RequestMappingHandlerMapping - Mapped "{[/user/userAdd.html]}" onto public java.lang.String com.fan1111.controller.UserController.addUser()
2018-12-16 10:26:23,861 - org.springframework.web.servlet.mvc.method.annotation.RequestMappingHandlerMapping - Mapped "{[/user/pwdSave.html]}" onto public java.lang.String com.fan1111.controller.UserController.updateUserPassword(java.lang.String,java.lang.String,java.lang.String,javax.servlet.http.HttpSession,javax.servlet.http.HttpServletRequest)
2018-12-16 10:26:23,861 - org.springframework.web.servlet.mvc.method.annotation.RequestMappingHandlerMapping - Mapped "{[/user/pwdModify.html]}" onto public java.lang.String com.fan1111.controller.UserController.modifyUserPassword()
2018-12-16 10:26:23,861 - org.springframework.web.servlet.mvc.method.annotation.RequestMappingHandlerMapping - Mapped "{[/user],methods=[GET]}" onto public java.lang.String com.fan1111.controller.UserController.findUsers(java.lang.String,java.lang.String,org.springframework.ui.Model)
2018-12-16 10:26:23,861 - org.springframework.web.servlet.mvc.method.annotation.RequestMappingHandlerMapping - Mapped "{[/user/checkCode],methods=[GET]}" onto public java.lang.Object com.fan1111.controller.UserController.checkCode(java.lang.String)
2018-12-16 10:26:23,861 - org.springframework.web.servlet.mvc.method.annotation.RequestMappingHandlerMapping - Mapped "{[/user/userSave.html],methods=[POST]}" onto public java.lang.String com.fan1111.controller.UserController.saveUser(com.fan1111.entity.User,javax.servlet.http.HttpSession,org.springframework.web.multipart.MultipartFile[],javax.servlet.http.HttpServletRequest)
2018-12-16 10:26:23,877 - org.springframework.web.servlet.mvc.method.annotation.RequestMappingHandlerMapping - Mapped "{[/user/userUpdate.html],methods=[POST]}" onto public java.lang.String com.fan1111.controller.UserController.updateUser(com.fan1111.entity.User,javax.servlet.http.HttpSession)
2018-12-16 10:26:23,877 - org.springframework.web.servlet.mvc.method.annotation.RequestMappingHandlerMapping - Mapped "{[/user/syserror]}" onto public java.lang.String com.fan1111.controller.UserController.errorPage()
2018-12-16 10:26:23,877 - org.springframework.web.servlet.mvc.method.annotation.RequestMappingHandlerMapping - Mapped "{[/user/userModify.html]}" onto public java.lang.String com.fan1111.controller.UserController.modifyUser(java.lang.Integer,javax.servlet.http.HttpServletRequest)
2018-12-16 10:26:23,877 - org.springframework.web.servlet.mvc.method.annotation.RequestMappingHandlerMapping - Mapped "{[/user/view],methods=[GET]}" onto public com.fan1111.entity.User com.fan1111.controller.UserController.viewUser(java.lang.String)
2018-12-16 10:26:23,877 - org.springframework.web.servlet.mvc.method.annotation.RequestMappingHandlerMapping - Mapped "{[/user/checkOldPassword],methods=[GET]}" onto public java.lang.Object com.fan1111.controller.UserController.checkOldPassword(java.lang.String,javax.servlet.http.HttpSession)
2018-12-16 10:26:23,877 - org.springframework.web.servlet.mvc.method.annotation.RequestMappingHandlerMapping - Mapped "{[/user/deleteUser],methods=[GET]}" onto public java.lang.Object com.fan1111.controller.UserController.deleteUser(java.lang.Integer)
2018-12-16 10:26:23,877 - org.springframework.web.servlet.mvc.method.annotation.RequestMappingHandlerMapping - Mapped "{[/error]}" onto public org.springframework.http.ResponseEntity<java.util.Map<java.lang.String, java.lang.Object>> org.springframework.boot.autoconfigure.web.BasicErrorController.error(javax.servlet.http.HttpServletRequest)
2018-12-16 10:26:23,877 - org.springframework.web.servlet.mvc.method.annotation.RequestMappingHandlerMapping - Mapped "{[/error],produces=[text/html]}" onto public org.springframework.web.servlet.ModelAndView org.springframework.boot.autoconfigure.web.BasicErrorController.errorHtml(javax.servlet.http.HttpServletRequest,javax.servlet.http.HttpServletResponse)
2018-12-16 10:26:23,877 - org.springframework.web.servlet.handler.SimpleUrlHandlerMapping - Mapped URL path [/webjars/**] onto handler of type [class org.springframework.web.servlet.resource.ResourceHttpRequestHandler]
2018-12-16 10:26:23,877 - org.springframework.web.servlet.handler.SimpleUrlHandlerMapping - Mapped URL path [/**] onto handler of type [class org.springframework.web.servlet.resource.ResourceHttpRequestHandler]
2018-12-16 10:26:23,892 - org.springframework.web.servlet.handler.SimpleUrlHandlerMapping - Mapped URL path [/**/favicon.ico] onto handler of type [class org.springframework.web.servlet.resource.ResourceHttpRequestHandler]
2018-12-16 10:26:23,968 - org.springframework.boot.devtools.autoconfigure.OptionalLiveReloadServer - LiveReload server is running on port 35729
2018-12-16 10:26:23,999 - org.springframework.jmx.export.annotation.AnnotationMBeanExporter - Registering beans for JMX exposure on startup
2018-12-16 10:26:23,999 - org.springframework.jmx.export.annotation.AnnotationMBeanExporter - Bean with name 'dataSource' has been autodetected for JMX exposure
2018-12-16 10:26:23,999 - org.springframework.jmx.export.annotation.AnnotationMBeanExporter - Located MBean 'dataSource': registering with JMX server as MBean [com.alibaba.druid.pool:name=dataSource,type=DruidDataSource]
2018-12-16 10:26:23,999 - org.apache.coyote.http11.Http11NioProtocol - Starting ProtocolHandler ["http-nio-8080"]
2018-12-16 10:26:23,999 - org.apache.tomcat.util.net.NioSelectorPool - Using a shared selector for servlet write/read
2018-12-16 10:26:24,015 - org.springframework.boot.context.embedded.tomcat.TomcatEmbeddedServletContainer - Tomcat started on port(s): 8080 (http)
2018-12-16 10:26:24,015 - com.fan1111.WildMisApplication - Started WildMisApplication in 1.257 seconds (JVM running for 76372.477)
2018-12-16 16:45:24,993 - com.fan1111.WildMisApplication - Starting WildMisApplication on LAPTOP-GG6QB216 with PID 9872 (started by 41670 in D:\JetBrains\IntelliJ IDEA 2018.3.1\workspace\wildMIS)
2018-12-16 16:45:25,015 - com.fan1111.WildMisApplication - No active profile set, falling back to default profiles: default
2018-12-16 16:45:25,609 - org.hibernate.validator.internal.util.Version - HV000001: Hibernate Validator 5.3.6.Final
2018-12-16 16:45:26,056 - org.springframework.boot.context.embedded.AnnotationConfigEmbeddedWebApplicationContext - Refreshing org.springframework.boot.context.embedded.AnnotationConfigEmbeddedWebApplicationContext@7ef3907c: startup date [Sun Dec 16 16:45:26 CST 2018]; root of context hierarchy
2018-12-16 16:45:28,621 - org.springframework.boot.context.embedded.tomcat.TomcatEmbeddedServletContainer - Tomcat initialized with port(s): 8080 (http)
2018-12-16 16:45:28,634 - org.apache.coyote.http11.Http11NioProtocol - Initializing ProtocolHandler ["http-nio-8080"]
2018-12-16 16:45:28,643 - org.apache.catalina.core.StandardService - Starting service [Tomcat]
2018-12-16 16:45:28,644 - org.apache.catalina.core.StandardEngine - Starting Servlet Engine: Apache Tomcat/8.5.31
2018-12-16 16:45:28,792 - org.apache.catalina.core.ContainerBase.[Tomcat].[localhost].[/] - Initializing Spring embedded WebApplicationContext
2018-12-16 16:45:28,792 - org.springframework.web.context.ContextLoader - Root WebApplicationContext: initialization completed in 2736 ms
2018-12-16 16:45:28,993 - org.springframework.boot.web.servlet.ServletRegistrationBean - Mapping servlet: 'dispatcherServlet' to [/]
2018-12-16 16:45:28,997 - org.springframework.boot.web.servlet.FilterRegistrationBean - Mapping filter: 'characterEncodingFilter' to: [/*]
2018-12-16 16:45:28,997 - org.springframework.boot.web.servlet.FilterRegistrationBean - Mapping filter: 'hiddenHttpMethodFilter' to: [/*]
2018-12-16 16:45:28,997 - org.springframework.boot.web.servlet.FilterRegistrationBean - Mapping filter: 'httpPutFormContentFilter' to: [/*]
2018-12-16 16:45:28,997 - org.springframework.boot.web.servlet.FilterRegistrationBean - Mapping filter: 'requestContextFilter' to: [/*]
2018-12-16 16:45:29,778 - org.springframework.web.servlet.mvc.method.annotation.RequestMappingHandlerAdapter - Looking for @ControllerAdvice: org.springframework.boot.context.embedded.AnnotationConfigEmbeddedWebApplicationContext@7ef3907c: startup date [Sun Dec 16 16:45:26 CST 2018]; root of context hierarchy
2018-12-16 16:45:29,831 - org.springframework.web.servlet.mvc.method.annotation.RequestMappingHandlerMapping - Mapped "{[/frame]}" onto public java.lang.String com.fan1111.controller.FrameController.index(org.springframework.ui.Model)
2018-12-16 16:45:29,832 - org.springframework.web.servlet.mvc.method.annotation.RequestMappingHandlerMapping - Mapped "{[/form.html]}" onto public java.lang.String com.fan1111.controller.FrameController.form(org.springframework.ui.Model)
2018-12-16 16:45:29,832 - org.springframework.web.servlet.mvc.method.annotation.RequestMappingHandlerMapping - Mapped "{[/chart.html]}" onto public java.lang.String com.fan1111.controller.FrameController.chart(org.springframework.ui.Model)
2018-12-16 16:45:29,832 - org.springframework.web.servlet.mvc.method.annotation.RequestMappingHandlerMapping - Mapped "{[/ui.html]}" onto public java.lang.String com.fan1111.controller.FrameController.ui(org.springframework.ui.Model)
2018-12-16 16:45:29,832 - org.springframework.web.servlet.mvc.method.annotation.RequestMappingHandlerMapping - Mapped "{[/tabpanel.html]}" onto public java.lang.String com.fan1111.controller.FrameController.tabpanel(org.springframework.ui.Model)
2018-12-16 16:45:29,833 - org.springframework.web.servlet.mvc.method.annotation.RequestMappingHandlerMapping - Mapped "{[/regist.html]}" onto public java.lang.String com.fan1111.controller.LoginController.register()
2018-12-16 16:45:29,834 - org.springframework.web.servlet.mvc.method.annotation.RequestMappingHandlerMapping - Mapped "{[/]}" onto public java.lang.String com.fan1111.controller.LoginController.login()
2018-12-16 16:45:29,834 - org.springframework.web.servlet.mvc.method.annotation.RequestMappingHandlerMapping - Mapped "{[/welcome]}" onto public java.lang.String com.fan1111.controller.LoginController.doLogin(java.lang.String,java.lang.String,javax.servlet.http.HttpSession,javax.servlet.http.HttpServletRequest,org.springframework.ui.Model)
2018-12-16 16:45:29,834 - org.springframework.web.servlet.mvc.method.annotation.RequestMappingHandlerMapping - Mapped "{[/forgetPassword.html]}" onto public java.lang.String com.fan1111.controller.LoginController.forgetPassword()
2018-12-16 16:45:29,835 - org.springframework.web.servlet.mvc.method.annotation.RequestMappingHandlerMapping - Mapped "{[/exit.html]}" onto public java.lang.String com.fan1111.controller.LoginController.loginOut(javax.servlet.http.HttpSession)
2018-12-16 16:45:29,836 - org.springframework.web.servlet.mvc.method.annotation.RequestMappingHandlerMapping - Mapped "{[/student],methods=[GET]}" onto public java.lang.String com.fan1111.controller.StudentController.queryStudens(java.lang.String,java.lang.String,org.springframework.ui.Model)
2018-12-16 16:45:29,839 - org.springframework.web.servlet.mvc.method.annotation.RequestMappingHandlerMapping - Mapped "{[/user/userAdd.html]}" onto public java.lang.String com.fan1111.controller.UserController.addUser()
2018-12-16 16:45:29,839 - org.springframework.web.servlet.mvc.method.annotation.RequestMappingHandlerMapping - Mapped "{[/user/checkCode],methods=[GET]}" onto public java.lang.Object com.fan1111.controller.UserController.checkCode(java.lang.String)
2018-12-16 16:45:29,839 - org.springframework.web.servlet.mvc.method.annotation.RequestMappingHandlerMapping - Mapped "{[/user],methods=[GET]}" onto public java.lang.String com.fan1111.controller.UserController.findUsers(java.lang.String,java.lang.String,org.springframework.ui.Model)
2018-12-16 16:45:29,840 - org.springframework.web.servlet.mvc.method.annotation.RequestMappingHandlerMapping - Mapped "{[/user/view],methods=[GET]}" onto public com.fan1111.entity.User com.fan1111.controller.UserController.viewUser(java.lang.String)
2018-12-16 16:45:29,840 - org.springframework.web.servlet.mvc.method.annotation.RequestMappingHandlerMapping - Mapped "{[/user/deleteUser],methods=[GET]}" onto public java.lang.Object com.fan1111.controller.UserController.deleteUser(java.lang.Integer)
2018-12-16 16:45:29,840 - org.springframework.web.servlet.mvc.method.annotation.RequestMappingHandlerMapping - Mapped "{[/user/userUpdate.html],methods=[POST]}" onto public java.lang.String com.fan1111.controller.UserController.updateUser(com.fan1111.entity.User,javax.servlet.http.HttpSession)
2018-12-16 16:45:29,840 - org.springframework.web.servlet.mvc.method.annotation.RequestMappingHandlerMapping - Mapped "{[/user/userSave.html],methods=[POST]}" onto public java.lang.String com.fan1111.controller.UserController.saveUser(com.fan1111.entity.User,javax.servlet.http.HttpSession,org.springframework.web.multipart.MultipartFile[],javax.servlet.http.HttpServletRequest)
2018-12-16 16:45:29,841 - org.springframework.web.servlet.mvc.method.annotation.RequestMappingHandlerMapping - Mapped "{[/user/syserror]}" onto public java.lang.String com.fan1111.controller.UserController.errorPage()
2018-12-16 16:45:29,841 - org.springframework.web.servlet.mvc.method.annotation.RequestMappingHandlerMapping - Mapped "{[/user/checkOldPassword],methods=[GET]}" onto public java.lang.Object com.fan1111.controller.UserController.checkOldPassword(java.lang.String,javax.servlet.http.HttpSession)
2018-12-16 16:45:29,841 - org.springframework.web.servlet.mvc.method.annotation.RequestMappingHandlerMapping - Mapped "{[/user/userModify.html]}" onto public java.lang.String com.fan1111.controller.UserController.modifyUser(java.lang.Integer,javax.servlet.http.HttpServletRequest)
2018-12-16 16:45:29,841 - org.springframework.web.servlet.mvc.method.annotation.RequestMappingHandlerMapping - Mapped "{[/user/pwdSave.html]}" onto public java.lang.String com.fan1111.controller.UserController.updateUserPassword(java.lang.String,java.lang.String,java.lang.String,javax.servlet.http.HttpSession,javax.servlet.http.HttpServletRequest)
2018-12-16 16:45:29,842 - org.springframework.web.servlet.mvc.method.annotation.RequestMappingHandlerMapping - Mapped "{[/user/pwdModify.html]}" onto public java.lang.String com.fan1111.controller.UserController.modifyUserPassword()
2018-12-16 16:45:29,844 - org.springframework.web.servlet.mvc.method.annotation.RequestMappingHandlerMapping - Mapped "{[/error]}" onto public org.springframework.http.ResponseEntity<java.util.Map<java.lang.String, java.lang.Object>> org.springframework.boot.autoconfigure.web.BasicErrorController.error(javax.servlet.http.HttpServletRequest)
2018-12-16 16:45:29,845 - org.springframework.web.servlet.mvc.method.annotation.RequestMappingHandlerMapping - Mapped "{[/error],produces=[text/html]}" onto public org.springframework.web.servlet.ModelAndView org.springframework.boot.autoconfigure.web.BasicErrorController.errorHtml(javax.servlet.http.HttpServletRequest,javax.servlet.http.HttpServletResponse)
2018-12-16 16:45:29,864 - org.springframework.web.servlet.handler.SimpleUrlHandlerMapping - Mapped URL path [/webjars/**] onto handler of type [class org.springframework.web.servlet.resource.ResourceHttpRequestHandler]
2018-12-16 16:45:29,864 - org.springframework.web.servlet.handler.SimpleUrlHandlerMapping - Mapped URL path [/**] onto handler of type [class org.springframework.web.servlet.resource.ResourceHttpRequestHandler]
2018-12-16 16:45:29,890 - org.springframework.web.servlet.handler.SimpleUrlHandlerMapping - Mapped URL path [/**/favicon.ico] onto handler of type [class org.springframework.web.servlet.resource.ResourceHttpRequestHandler]
2018-12-16 16:45:30,933 - org.springframework.boot.devtools.autoconfigure.OptionalLiveReloadServer - LiveReload server is running on port 35729
2018-12-16 16:45:30,978 - org.springframework.jmx.export.annotation.AnnotationMBeanExporter - Registering beans for JMX exposure on startup
2018-12-16 16:45:30,980 - org.springframework.jmx.export.annotation.AnnotationMBeanExporter - Bean with name 'dataSource' has been autodetected for JMX exposure
2018-12-16 16:45:30,983 - org.springframework.jmx.export.annotation.AnnotationMBeanExporter - Located MBean 'dataSource': registering with JMX server as MBean [com.alibaba.druid.pool:name=dataSource,type=DruidDataSource]
2018-12-16 16:45:31,004 - org.apache.coyote.http11.Http11NioProtocol - Starting ProtocolHandler ["http-nio-8080"]
2018-12-16 16:45:31,017 - org.apache.tomcat.util.net.NioSelectorPool - Using a shared selector for servlet write/read
2018-12-16 16:45:31,065 - org.springframework.boot.context.embedded.tomcat.TomcatEmbeddedServletContainer - Tomcat started on port(s): 8080 (http)
2018-12-16 16:45:31,069 - com.fan1111.WildMisApplication - Started WildMisApplication in 6.988 seconds (JVM running for 8.599)
2018-12-16 16:45:38,601 - org.apache.catalina.core.ContainerBase.[Tomcat].[localhost].[/] - Initializing Spring FrameworkServlet 'dispatcherServlet'
2018-12-16 16:45:38,601 - org.springframework.web.servlet.DispatcherServlet - FrameworkServlet 'dispatcherServlet': initialization started
2018-12-16 16:45:38,644 - org.springframework.web.servlet.DispatcherServlet - FrameworkServlet 'dispatcherServlet': initialization completed in 43 ms
2018-12-16 16:45:41,624 - com.alibaba.druid.pool.DruidDataSource - {dataSource-1} inited
2018-12-16 16:45:43,457 - org.springframework.beans.factory.xml.XmlBeanDefinitionReader - Loading XML bean definitions from class path resource [org/springframework/jdbc/support/sql-error-codes.xml]
2018-12-16 16:45:43,532 - org.springframework.jdbc.support.SQLErrorCodesFactory - SQLErrorCodes loaded: [DB2, Derby, H2, HDB, HSQL, Informix, MS-SQL, MySQL, Oracle, PostgreSQL, Sybase]
2018-12-16 16:46:14,421 - org.springframework.boot.context.embedded.AnnotationConfigEmbeddedWebApplicationContext - Closing org.springframework.boot.context.embedded.AnnotationConfigEmbeddedWebApplicationContext@7ef3907c: startup date [Sun Dec 16 16:45:26 CST 2018]; root of context hierarchy
2018-12-16 16:46:14,424 - org.springframework.jmx.export.annotation.AnnotationMBeanExporter - Unregistering JMX-exposed beans on shutdown
2018-12-16 16:46:14,424 - org.springframework.jmx.export.annotation.AnnotationMBeanExporter - Unregistering JMX-exposed beans
2018-12-16 16:46:14,428 - com.alibaba.druid.pool.DruidDataSource - {dataSource-1} closed
2018-12-16 16:46:14,988 - com.fan1111.WildMisApplication - Starting WildMisApplication on LAPTOP-GG6QB216 with PID 9872 (started by 41670 in D:\JetBrains\IntelliJ IDEA 2018.3.1\workspace\wildMIS)
2018-12-16 16:46:14,989 - com.fan1111.WildMisApplication - No active profile set, falling back to default profiles: default
2018-12-16 16:46:14,992 - org.springframework.boot.context.embedded.AnnotationConfigEmbeddedWebApplicationContext - Refreshing org.springframework.boot.context.embedded.AnnotationConfigEmbeddedWebApplicationContext@5de748bb: startup date [Sun Dec 16 16:46:14 CST 2018]; root of context hierarchy
2018-12-16 16:46:15,544 - org.springframework.boot.context.embedded.tomcat.TomcatEmbeddedServletContainer - Tomcat initialized with port(s): 8080 (http)
2018-12-16 16:46:15,545 - org.apache.coyote.http11.Http11NioProtocol - Initializing ProtocolHandler ["http-nio-8080"]
2018-12-16 16:46:15,545 - org.apache.catalina.core.StandardService - Starting service [Tomcat]
2018-12-16 16:46:15,546 - org.apache.catalina.core.StandardEngine - Starting Servlet Engine: Apache Tomcat/8.5.31
2018-12-16 16:46:15,592 - org.apache.catalina.core.ContainerBase.[Tomcat].[localhost].[/] - Initializing Spring embedded WebApplicationContext
2018-12-16 16:46:15,593 - org.springframework.web.context.ContextLoader - Root WebApplicationContext: initialization completed in 601 ms
2018-12-16 16:46:15,624 - org.springframework.boot.web.servlet.ServletRegistrationBean - Mapping servlet: 'dispatcherServlet' to [/]
2018-12-16 16:46:15,624 - org.springframework.boot.web.servlet.FilterRegistrationBean - Mapping filter: 'characterEncodingFilter' to: [/*]
2018-12-16 16:46:15,624 - org.springframework.boot.web.servlet.FilterRegistrationBean - Mapping filter: 'hiddenHttpMethodFilter' to: [/*]
2018-12-16 16:46:15,624 - org.springframework.boot.web.servlet.FilterRegistrationBean - Mapping filter: 'httpPutFormContentFilter' to: [/*]
2018-12-16 16:46:15,624 - org.springframework.boot.web.servlet.FilterRegistrationBean - Mapping filter: 'requestContextFilter' to: [/*]
2018-12-16 16:46:15,765 - org.springframework.web.servlet.mvc.method.annotation.RequestMappingHandlerAdapter - Looking for @ControllerAdvice: org.springframework.boot.context.embedded.AnnotationConfigEmbeddedWebApplicationContext@5de748bb: startup date [Sun Dec 16 16:46:14 CST 2018]; root of context hierarchy
2018-12-16 16:46:15,772 - org.springframework.web.servlet.mvc.method.annotation.RequestMappingHandlerMapping - Mapped "{[/frame]}" onto public java.lang.String com.fan1111.controller.FrameController.index(org.springframework.ui.Model)
2018-12-16 16:46:15,773 - org.springframework.web.servlet.mvc.method.annotation.RequestMappingHandlerMapping - Mapped "{[/form.html]}" onto public java.lang.String com.fan1111.controller.FrameController.form(org.springframework.ui.Model)
2018-12-16 16:46:15,774 - org.springframework.web.servlet.mvc.method.annotation.RequestMappingHandlerMapping - Mapped "{[/chart.html]}" onto public java.lang.String com.fan1111.controller.FrameController.chart(org.springframework.ui.Model)
2018-12-16 16:46:15,774 - org.springframework.web.servlet.mvc.method.annotation.RequestMappingHandlerMapping - Mapped "{[/ui.html]}" onto public java.lang.String com.fan1111.controller.FrameController.ui(org.springframework.ui.Model)
2018-12-16 16:46:15,774 - org.springframework.web.servlet.mvc.method.annotation.RequestMappingHandlerMapping - Mapped "{[/tabpanel.html]}" onto public java.lang.String com.fan1111.controller.FrameController.tabpanel(org.springframework.ui.Model)
2018-12-16 16:46:15,775 - org.springframework.web.servlet.mvc.method.annotation.RequestMappingHandlerMapping - Mapped "{[/regist.html]}" onto public java.lang.String com.fan1111.controller.LoginController.register()
2018-12-16 16:46:15,776 - org.springframework.web.servlet.mvc.method.annotation.RequestMappingHandlerMapping - Mapped "{[/]}" onto public java.lang.String com.fan1111.controller.LoginController.login()
2018-12-16 16:46:15,776 - org.springframework.web.servlet.mvc.method.annotation.RequestMappingHandlerMapping - Mapped "{[/welcome]}" onto public java.lang.String com.fan1111.controller.LoginController.doLogin(java.lang.String,java.lang.String,javax.servlet.http.HttpSession,javax.servlet.http.HttpServletRequest,org.springframework.ui.Model)
2018-12-16 16:46:15,776 - org.springframework.web.servlet.mvc.method.annotation.RequestMappingHandlerMapping - Mapped "{[/forgetPassword.html]}" onto public java.lang.String com.fan1111.controller.LoginController.forgetPassword()
2018-12-16 16:46:15,776 - org.springframework.web.servlet.mvc.method.annotation.RequestMappingHandlerMapping - Mapped "{[/exit.html]}" onto public java.lang.String com.fan1111.controller.LoginController.loginOut(javax.servlet.http.HttpSession)
2018-12-16 16:46:15,778 - org.springframework.web.servlet.mvc.method.annotation.RequestMappingHandlerMapping - Mapped "{[/student],methods=[GET]}" onto public java.lang.String com.fan1111.controller.StudentController.queryStudens(java.lang.String,java.lang.String,org.springframework.ui.Model)
2018-12-16 16:46:15,780 - org.springframework.web.servlet.mvc.method.annotation.RequestMappingHandlerMapping - Mapped "{[/user/userAdd.html]}" onto public java.lang.String com.fan1111.controller.UserController.addUser()
2018-12-16 16:46:15,780 - org.springframework.web.servlet.mvc.method.annotation.RequestMappingHandlerMapping - Mapped "{[/user/checkCode],methods=[GET]}" onto public java.lang.Object com.fan1111.controller.UserController.checkCode(java.lang.String)
2018-12-16 16:46:15,780 - org.springframework.web.servlet.mvc.method.annotation.RequestMappingHandlerMapping - Mapped "{[/user],methods=[GET]}" onto public java.lang.String com.fan1111.controller.UserController.findUsers(java.lang.String,java.lang.String,org.springframework.ui.Model)
2018-12-16 16:46:15,780 - org.springframework.web.servlet.mvc.method.annotation.RequestMappingHandlerMapping - Mapped "{[/user/view],methods=[GET]}" onto public com.fan1111.entity.User com.fan1111.controller.UserController.viewUser(java.lang.String)
2018-12-16 16:46:15,781 - org.springframework.web.servlet.mvc.method.annotation.RequestMappingHandlerMapping - Mapped "{[/user/deleteUser],methods=[GET]}" onto public java.lang.Object com.fan1111.controller.UserController.deleteUser(java.lang.Integer)
2018-12-16 16:46:15,781 - org.springframework.web.servlet.mvc.method.annotation.RequestMappingHandlerMapping - Mapped "{[/user/userUpdate.html],methods=[POST]}" onto public java.lang.String com.fan1111.controller.UserController.updateUser(com.fan1111.entity.User,javax.servlet.http.HttpSession)
2018-12-16 16:46:15,781 - org.springframework.web.servlet.mvc.method.annotation.RequestMappingHandlerMapping - Mapped "{[/user/userSave.html],methods=[POST]}" onto public java.lang.String com.fan1111.controller.UserController.saveUser(com.fan1111.entity.User,javax.servlet.http.HttpSession,org.springframework.web.multipart.MultipartFile[],javax.servlet.http.HttpServletRequest)
2018-12-16 16:46:15,781 - org.springframework.web.servlet.mvc.method.annotation.RequestMappingHandlerMapping - Mapped "{[/user/syserror]}" onto public java.lang.String com.fan1111.controller.UserController.errorPage()
2018-12-16 16:46:15,782 - org.springframework.web.servlet.mvc.method.annotation.RequestMappingHandlerMapping - Mapped "{[/user/checkOldPassword],methods=[GET]}" onto public java.lang.Object com.fan1111.controller.UserController.checkOldPassword(java.lang.String,javax.servlet.http.HttpSession)
2018-12-16 16:46:15,782 - org.springframework.web.servlet.mvc.method.annotation.RequestMappingHandlerMapping - Mapped "{[/user/userModify.html]}" onto public java.lang.String com.fan1111.controller.UserController.modifyUser(java.lang.Integer,javax.servlet.http.HttpServletRequest)
2018-12-16 16:46:15,782 - org.springframework.web.servlet.mvc.method.annotation.RequestMappingHandlerMapping - Mapped "{[/user/pwdSave.html]}" onto public java.lang.String com.fan1111.controller.UserController.updateUserPassword(java.lang.String,java.lang.String,java.lang.String,javax.servlet.http.HttpSession,javax.servlet.http.HttpServletRequest)
2018-12-16 16:46:15,782 - org.springframework.web.servlet.mvc.method.annotation.RequestMappingHandlerMapping - Mapped "{[/user/pwdModify.html]}" onto public java.lang.String com.fan1111.controller.UserController.modifyUserPassword()
2018-12-16 16:46:15,783 - org.springframework.web.servlet.mvc.method.annotation.RequestMappingHandlerMapping - Mapped "{[/error]}" onto public org.springframework.http.ResponseEntity<java.util.Map<java.lang.String, java.lang.Object>> org.springframework.boot.autoconfigure.web.BasicErrorController.error(javax.servlet.http.HttpServletRequest)
2018-12-16 16:46:15,784 - org.springframework.web.servlet.mvc.method.annotation.RequestMappingHandlerMapping - Mapped "{[/error],produces=[text/html]}" onto public org.springframework.web.servlet.ModelAndView org.springframework.boot.autoconfigure.web.BasicErrorController.errorHtml(javax.servlet.http.HttpServletRequest,javax.servlet.http.HttpServletResponse)
2018-12-16 16:46:15,793 - org.springframework.web.servlet.handler.SimpleUrlHandlerMapping - Mapped URL path [/webjars/**] onto handler of type [class org.springframework.web.servlet.resource.ResourceHttpRequestHandler]
2018-12-16 16:46:15,793 - org.springframework.web.servlet.handler.SimpleUrlHandlerMapping - Mapped URL path [/**] onto handler of type [class org.springframework.web.servlet.resource.ResourceHttpRequestHandler]
2018-12-16 16:46:15,805 - org.springframework.web.servlet.handler.SimpleUrlHandlerMapping - Mapped URL path [/**/favicon.ico] onto handler of type [class org.springframework.web.servlet.resource.ResourceHttpRequestHandler]
2018-12-16 16:46:15,881 - org.springframework.boot.devtools.autoconfigure.OptionalLiveReloadServer - LiveReload server is running on port 35729
2018-12-16 16:46:15,911 - org.springframework.jmx.export.annotation.AnnotationMBeanExporter - Registering beans for JMX exposure on startup
2018-12-16 16:46:15,912 - org.springframework.jmx.export.annotation.AnnotationMBeanExporter - Bean with name 'dataSource' has been autodetected for JMX exposure
2018-12-16 16:46:15,914 - org.springframework.jmx.export.annotation.AnnotationMBeanExporter - Located MBean 'dataSource': registering with JMX server as MBean [com.alibaba.druid.pool:name=dataSource,type=DruidDataSource]
2018-12-16 16:46:15,917 - org.apache.coyote.http11.Http11NioProtocol - Starting ProtocolHandler ["http-nio-8080"]
2018-12-16 16:46:15,918 - org.apache.tomcat.util.net.NioSelectorPool - Using a shared selector for servlet write/read
2018-12-16 16:46:15,921 - org.springframework.boot.context.embedded.tomcat.TomcatEmbeddedServletContainer - Tomcat started on port(s): 8080 (http)
2018-12-16 16:46:15,922 - com.fan1111.WildMisApplication - Started WildMisApplication in 1.015 seconds (JVM running for 53.452)
2018-12-16 16:46:19,724 - org.apache.catalina.core.ContainerBase.[Tomcat].[localhost].[/] - Initializing Spring FrameworkServlet 'dispatcherServlet'
2018-12-16 16:46:19,724 - org.springframework.web.servlet.DispatcherServlet - FrameworkServlet 'dispatcherServlet': initialization started
2018-12-16 16:46:19,727 - org.springframework.web.servlet.DispatcherServlet - FrameworkServlet 'dispatcherServlet': initialization completed in 3 ms
2018-12-16 16:46:21,372 - com.alibaba.druid.pool.DruidDataSource - {dataSource-2} inited
2018-12-16 16:47:14,237 - org.springframework.boot.context.embedded.AnnotationConfigEmbeddedWebApplicationContext - Closing org.springframework.boot.context.embedded.AnnotationConfigEmbeddedWebApplicationContext@5de748bb: startup date [Sun Dec 16 16:46:14 CST 2018]; root of context hierarchy
2018-12-16 16:47:14,239 - org.springframework.jmx.export.annotation.AnnotationMBeanExporter - Unregistering JMX-exposed beans on shutdown
2018-12-16 16:47:14,240 - org.springframework.jmx.export.annotation.AnnotationMBeanExporter - Unregistering JMX-exposed beans
2018-12-16 16:47:14,241 - com.alibaba.druid.pool.DruidDataSource - {dataSource-2} closed
2018-12-16 16:47:14,680 - com.fan1111.WildMisApplication - Starting WildMisApplication on LAPTOP-GG6QB216 with PID 9872 (started by 41670 in D:\JetBrains\IntelliJ IDEA 2018.3.1\workspace\wildMIS)
2018-12-16 16:47:14,680 - com.fan1111.WildMisApplication - No active profile set, falling back to default profiles: default
2018-12-16 16:47:14,682 - org.springframework.boot.context.embedded.AnnotationConfigEmbeddedWebApplicationContext - Refreshing org.springframework.boot.context.embedded.AnnotationConfigEmbeddedWebApplicationContext@cfaf017: startup date [Sun Dec 16 16:47:14 CST 2018]; root of context hierarchy
2018-12-16 16:47:15,001 - org.springframework.boot.context.embedded.tomcat.TomcatEmbeddedServletContainer - Tomcat initialized with port(s): 8080 (http)
2018-12-16 16:47:15,002 - org.apache.coyote.http11.Http11NioProtocol - Initializing ProtocolHandler ["http-nio-8080"]
2018-12-16 16:47:15,003 - org.apache.catalina.core.StandardService - Starting service [Tomcat]
2018-12-16 16:47:15,003 - org.apache.catalina.core.StandardEngine - Starting Servlet Engine: Apache Tomcat/8.5.31
2018-12-16 16:47:15,040 - org.apache.catalina.core.ContainerBase.[Tomcat].[localhost].[/] - Initializing Spring embedded WebApplicationContext
2018-12-16 16:47:15,041 - org.springframework.web.context.ContextLoader - Root WebApplicationContext: initialization completed in 359 ms
2018-12-16 16:47:15,072 - org.springframework.boot.web.servlet.ServletRegistrationBean - Mapping servlet: 'dispatcherServlet' to [/]
2018-12-16 16:47:15,072 - org.springframework.boot.web.servlet.FilterRegistrationBean - Mapping filter: 'characterEncodingFilter' to: [/*]
2018-12-16 16:47:15,072 - org.springframework.boot.web.servlet.FilterRegistrationBean - Mapping filter: 'hiddenHttpMethodFilter' to: [/*]
2018-12-16 16:47:15,072 - org.springframework.boot.web.servlet.FilterRegistrationBean - Mapping filter: 'httpPutFormContentFilter' to: [/*]
2018-12-16 16:47:15,073 - org.springframework.boot.web.servlet.FilterRegistrationBean - Mapping filter: 'requestContextFilter' to: [/*]
2018-12-16 16:47:15,223 - org.springframework.web.servlet.mvc.method.annotation.RequestMappingHandlerAdapter - Looking for @ControllerAdvice: org.springframework.boot.context.embedded.AnnotationConfigEmbeddedWebApplicationContext@cfaf017: startup date [Sun Dec 16 16:47:14 CST 2018]; root of context hierarchy
2018-12-16 16:47:15,236 - org.springframework.web.servlet.mvc.method.annotation.RequestMappingHandlerMapping - Mapped "{[/frame]}" onto public java.lang.String com.fan1111.controller.FrameController.index(org.springframework.ui.Model)
2018-12-16 16:47:15,236 - org.springframework.web.servlet.mvc.method.annotation.RequestMappingHandlerMapping - Mapped "{[/form.html]}" onto public java.lang.String com.fan1111.controller.FrameController.form(org.springframework.ui.Model)
2018-12-16 16:47:15,236 - org.springframework.web.servlet.mvc.method.annotation.RequestMappingHandlerMapping - Mapped "{[/chart.html]}" onto public java.lang.String com.fan1111.controller.FrameController.chart(org.springframework.ui.Model)
2018-12-16 16:47:15,237 - org.springframework.web.servlet.mvc.method.annotation.RequestMappingHandlerMapping - Mapped "{[/ui.html]}" onto public java.lang.String com.fan1111.controller.FrameController.ui(org.springframework.ui.Model)
2018-12-16 16:47:15,237 - org.springframework.web.servlet.mvc.method.annotation.RequestMappingHandlerMapping - Mapped "{[/tabpanel.html]}" onto public java.lang.String com.fan1111.controller.FrameController.tabpanel(org.springframework.ui.Model)
2018-12-16 16:47:15,238 - org.springframework.web.servlet.mvc.method.annotation.RequestMappingHandlerMapping - Mapped "{[/regist.html]}" onto public java.lang.String com.fan1111.controller.LoginController.register()
2018-12-16 16:47:15,238 - org.springframework.web.servlet.mvc.method.annotation.RequestMappingHandlerMapping - Mapped "{[/]}" onto public java.lang.String com.fan1111.controller.LoginController.login()
2018-12-16 16:47:15,238 - org.springframework.web.servlet.mvc.method.annotation.RequestMappingHandlerMapping - Mapped "{[/welcome]}" onto public java.lang.String com.fan1111.controller.LoginController.doLogin(java.lang.String,java.lang.String,javax.servlet.http.HttpSession,javax.servlet.http.HttpServletRequest,org.springframework.ui.Model)
2018-12-16 16:47:15,238 - org.springframework.web.servlet.mvc.method.annotation.RequestMappingHandlerMapping - Mapped "{[/forgetPassword.html]}" onto public java.lang.String com.fan1111.controller.LoginController.forgetPassword()
2018-12-16 16:47:15,238 - org.springframework.web.servlet.mvc.method.annotation.RequestMappingHandlerMapping - Mapped "{[/exit.html]}" onto public java.lang.String com.fan1111.controller.LoginController.loginOut(javax.servlet.http.HttpSession)
2018-12-16 16:47:15,239 - org.springframework.web.servlet.mvc.method.annotation.RequestMappingHandlerMapping - Mapped "{[/student],methods=[GET]}" onto public java.lang.String com.fan1111.controller.StudentController.queryStudens(java.lang.String,java.lang.String,org.springframework.ui.Model)
2018-12-16 16:47:15,241 - org.springframework.web.servlet.mvc.method.annotation.RequestMappingHandlerMapping - Mapped "{[/user/userAdd.html]}" onto public java.lang.String com.fan1111.controller.UserController.addUser()
2018-12-16 16:47:15,242 - org.springframework.web.servlet.mvc.method.annotation.RequestMappingHandlerMapping - Mapped "{[/user/checkCode],methods=[GET]}" onto public java.lang.Object com.fan1111.controller.UserController.checkCode(java.lang.String)
2018-12-16 16:47:15,242 - org.springframework.web.servlet.mvc.method.annotation.RequestMappingHandlerMapping - Mapped "{[/user],methods=[GET]}" onto public java.lang.String com.fan1111.controller.UserController.findUsers(java.lang.String,java.lang.String,org.springframework.ui.Model)
2018-12-16 16:47:15,242 - org.springframework.web.servlet.mvc.method.annotation.RequestMappingHandlerMapping - Mapped "{[/user/view],methods=[GET]}" onto public com.fan1111.entity.User com.fan1111.controller.UserController.viewUser(java.lang.String)
2018-12-16 16:47:15,243 - org.springframework.web.servlet.mvc.method.annotation.RequestMappingHandlerMapping - Mapped "{[/user/deleteUser],methods=[GET]}" onto public java.lang.Object com.fan1111.controller.UserController.deleteUser(java.lang.Integer)
2018-12-16 16:47:15,244 - org.springframework.web.servlet.mvc.method.annotation.RequestMappingHandlerMapping - Mapped "{[/user/userUpdate.html],methods=[POST]}" onto public java.lang.String com.fan1111.controller.UserController.updateUser(com.fan1111.entity.User,javax.servlet.http.HttpSession)
2018-12-16 16:47:15,245 - org.springframework.web.servlet.mvc.method.annotation.RequestMappingHandlerMapping - Mapped "{[/user/userSave.html],methods=[POST]}" onto public java.lang.String com.fan1111.controller.UserController.saveUser(com.fan1111.entity.User,javax.servlet.http.HttpSession,org.springframework.web.multipart.MultipartFile[],javax.servlet.http.HttpServletRequest)
2018-12-16 16:47:15,245 - org.springframework.web.servlet.mvc.method.annotation.RequestMappingHandlerMapping - Mapped "{[/user/syserror]}" onto public java.lang.String com.fan1111.controller.UserController.errorPage()
2018-12-16 16:47:15,245 - org.springframework.web.servlet.mvc.method.annotation.RequestMappingHandlerMapping - Mapped "{[/user/checkOldPassword],methods=[GET]}" onto public java.lang.Object com.fan1111.controller.UserController.checkOldPassword(java.lang.String,javax.servlet.http.HttpSession)
2018-12-16 16:47:15,246 - org.springframework.web.servlet.mvc.method.annotation.RequestMappingHandlerMapping - Mapped "{[/user/userModify.html]}" onto public java.lang.String com.fan1111.controller.UserController.modifyUser(java.lang.Integer,javax.servlet.http.HttpServletRequest)
2018-12-16 16:47:15,246 - org.springframework.web.servlet.mvc.method.annotation.RequestMappingHandlerMapping - Mapped "{[/user/pwdSave.html]}" onto public java.lang.String com.fan1111.controller.UserController.updateUserPassword(java.lang.String,java.lang.String,java.lang.String,javax.servlet.http.HttpSession,javax.servlet.http.HttpServletRequest)
2018-12-16 16:47:15,246 - org.springframework.web.servlet.mvc.method.annotation.RequestMappingHandlerMapping - Mapped "{[/user/pwdModify.html]}" onto public java.lang.String com.fan1111.controller.UserController.modifyUserPassword()
2018-12-16 16:47:15,250 - org.springframework.web.servlet.mvc.method.annotation.RequestMappingHandlerMapping - Mapped "{[/error]}" onto public org.springframework.http.ResponseEntity<java.util.Map<java.lang.String, java.lang.Object>> org.springframework.boot.autoconfigure.web.BasicErrorController.error(javax.servlet.http.HttpServletRequest)
2018-12-16 16:47:15,250 - org.springframework.web.servlet.mvc.method.annotation.RequestMappingHandlerMapping - Mapped "{[/error],produces=[text/html]}" onto public org.springframework.web.servlet.ModelAndView org.springframework.boot.autoconfigure.web.BasicErrorController.errorHtml(javax.servlet.http.HttpServletRequest,javax.servlet.http.HttpServletResponse)
2018-12-16 16:47:15,263 - org.springframework.web.servlet.handler.SimpleUrlHandlerMapping - Mapped URL path [/webjars/**] onto handler of type [class org.springframework.web.servlet.resource.ResourceHttpRequestHandler]
2018-12-16 16:47:15,263 - org.springframework.web.servlet.handler.SimpleUrlHandlerMapping - Mapped URL path [/**] onto handler of type [class org.springframework.web.servlet.resource.ResourceHttpRequestHandler]
2018-12-16 16:47:15,282 - org.springframework.web.servlet.handler.SimpleUrlHandlerMapping - Mapped URL path [/**/favicon.ico] onto handler of type [class org.springframework.web.servlet.resource.ResourceHttpRequestHandler]
2018-12-16 16:47:15,391 - org.springframework.boot.devtools.autoconfigure.OptionalLiveReloadServer - LiveReload server is running on port 35729
2018-12-16 16:47:15,504 - org.springframework.jmx.export.annotation.AnnotationMBeanExporter - Registering beans for JMX exposure on startup
2018-12-16 16:47:15,507 - org.springframework.jmx.export.annotation.AnnotationMBeanExporter - Bean with name 'dataSource' has been autodetected for JMX exposure
2018-12-16 16:47:15,518 - org.springframework.jmx.export.annotation.AnnotationMBeanExporter - Located MBean 'dataSource': registering with JMX server as MBean [com.alibaba.druid.pool:name=dataSource,type=DruidDataSource]
2018-12-16 16:47:15,527 - org.apache.coyote.http11.Http11NioProtocol - Starting ProtocolHandler ["http-nio-8080"]
2018-12-16 16:47:15,532 - org.apache.tomcat.util.net.NioSelectorPool - Using a shared selector for servlet write/read
2018-12-16 16:47:15,538 - org.springframework.boot.context.embedded.tomcat.TomcatEmbeddedServletContainer - Tomcat started on port(s): 8080 (http)
2018-12-16 16:47:15,541 - com.fan1111.WildMisApplication - Started WildMisApplication in 0.902 seconds (JVM running for 113.07)
2018-12-16 16:47:42,631 - org.springframework.boot.context.embedded.AnnotationConfigEmbeddedWebApplicationContext - Closing org.springframework.boot.context.embedded.AnnotationConfigEmbeddedWebApplicationContext@cfaf017: startup date [Sun Dec 16 16:47:14 CST 2018]; root of context hierarchy
2018-12-16 16:47:42,632 - org.springframework.jmx.export.annotation.AnnotationMBeanExporter - Unregistering JMX-exposed beans on shutdown
2018-12-16 16:47:42,632 - org.springframework.jmx.export.annotation.AnnotationMBeanExporter - Unregistering JMX-exposed beans
2018-12-16 16:47:43,107 - com.fan1111.WildMisApplication - Starting WildMisApplication on LAPTOP-GG6QB216 with PID 9872 (started by 41670 in D:\JetBrains\IntelliJ IDEA 2018.3.1\workspace\wildMIS)
2018-12-16 16:47:43,108 - com.fan1111.WildMisApplication - No active profile set, falling back to default profiles: default
2018-12-16 16:47:43,110 - org.springframework.boot.context.embedded.AnnotationConfigEmbeddedWebApplicationContext - Refreshing org.springframework.boot.context.embedded.AnnotationConfigEmbeddedWebApplicationContext@2fd1da49: startup date [Sun Dec 16 16:47:43 CST 2018]; root of context hierarchy
2018-12-16 16:47:43,548 - org.springframework.boot.context.embedded.tomcat.TomcatEmbeddedServletContainer - Tomcat initialized with port(s): 8080 (http)
2018-12-16 16:47:43,549 - org.apache.coyote.http11.Http11NioProtocol - Initializing ProtocolHandler ["http-nio-8080"]
2018-12-16 16:47:43,549 - org.apache.catalina.core.StandardService - Starting service [Tomcat]
2018-12-16 16:47:43,550 - org.apache.catalina.core.StandardEngine - Starting Servlet Engine: Apache Tomcat/8.5.31
2018-12-16 16:47:43,592 - org.apache.catalina.core.ContainerBase.[Tomcat].[localhost].[/] - Initializing Spring embedded WebApplicationContext
2018-12-16 16:47:43,593 - org.springframework.web.context.ContextLoader - Root WebApplicationContext: initialization completed in 483 ms
2018-12-16 16:47:43,618 - org.springframework.boot.web.servlet.ServletRegistrationBean - Mapping servlet: 'dispatcherServlet' to [/]
2018-12-16 16:47:43,618 - org.springframework.boot.web.servlet.FilterRegistrationBean - Mapping filter: 'characterEncodingFilter' to: [/*]
2018-12-16 16:47:43,619 - org.springframework.boot.web.servlet.FilterRegistrationBean - Mapping filter: 'hiddenHttpMethodFilter' to: [/*]
2018-12-16 16:47:43,619 - org.springframework.boot.web.servlet.FilterRegistrationBean - Mapping filter: 'httpPutFormContentFilter' to: [/*]
2018-12-16 16:47:43,619 - org.springframework.boot.web.servlet.FilterRegistrationBean - Mapping filter: 'requestContextFilter' to: [/*]
2018-12-16 16:47:43,737 - org.springframework.web.servlet.mvc.method.annotation.RequestMappingHandlerAdapter - Looking for @ControllerAdvice: org.springframework.boot.context.embedded.AnnotationConfigEmbeddedWebApplicationContext@2fd1da49: startup date [Sun Dec 16 16:47:43 CST 2018]; root of context hierarchy
2018-12-16 16:47:43,742 - org.springframework.web.servlet.mvc.method.annotation.RequestMappingHandlerMapping - Mapped "{[/frame]}" onto public java.lang.String com.fan1111.controller.FrameController.index(org.springframework.ui.Model)
2018-12-16 16:47:43,742 - org.springframework.web.servlet.mvc.method.annotation.RequestMappingHandlerMapping - Mapped "{[/form.html]}" onto public java.lang.String com.fan1111.controller.FrameController.form(org.springframework.ui.Model)
2018-12-16 16:47:43,743 - org.springframework.web.servlet.mvc.method.annotation.RequestMappingHandlerMapping - Mapped "{[/chart.html]}" onto public java.lang.String com.fan1111.controller.FrameController.chart(org.springframework.ui.Model)
2018-12-16 16:47:43,743 - org.springframework.web.servlet.mvc.method.annotation.RequestMappingHandlerMapping - Mapped "{[/ui.html]}" onto public java.lang.String com.fan1111.controller.FrameController.ui(org.springframework.ui.Model)
2018-12-16 16:47:43,743 - org.springframework.web.servlet.mvc.method.annotation.RequestMappingHandlerMapping - Mapped "{[/tabpanel.html]}" onto public java.lang.String com.fan1111.controller.FrameController.tabpanel(org.springframework.ui.Model)
2018-12-16 16:47:43,743 - org.springframework.web.servlet.mvc.method.annotation.RequestMappingHandlerMapping - Mapped "{[/regist.html]}" onto public java.lang.String com.fan1111.controller.LoginController.register()
2018-12-16 16:47:43,743 - org.springframework.web.servlet.mvc.method.annotation.RequestMappingHandlerMapping - Mapped "{[/]}" onto public java.lang.String com.fan1111.controller.LoginController.login()
2018-12-16 16:47:43,744 - org.springframework.web.servlet.mvc.method.annotation.RequestMappingHandlerMapping - Mapped "{[/welcome]}" onto public java.lang.String com.fan1111.controller.LoginController.doLogin(java.lang.String,java.lang.String,javax.servlet.http.HttpSession,javax.servlet.http.HttpServletRequest,org.springframework.ui.Model)
2018-12-16 16:47:43,744 - org.springframework.web.servlet.mvc.method.annotation.RequestMappingHandlerMapping - Mapped "{[/forgetPassword.html]}" onto public java.lang.String com.fan1111.controller.LoginController.forgetPassword()
2018-12-16 16:47:43,744 - org.springframework.web.servlet.mvc.method.annotation.RequestMappingHandlerMapping - Mapped "{[/exit.html]}" onto public java.lang.String com.fan1111.controller.LoginController.loginOut(javax.servlet.http.HttpSession)
2018-12-16 16:47:43,744 - org.springframework.web.servlet.mvc.method.annotation.RequestMappingHandlerMapping - Mapped "{[/student],methods=[GET]}" onto public java.lang.String com.fan1111.controller.StudentController.queryStudens(java.lang.String,java.lang.String,org.springframework.ui.Model)
2018-12-16 16:47:43,745 - org.springframework.web.servlet.mvc.method.annotation.RequestMappingHandlerMapping - Mapped "{[/user/userAdd.html]}" onto public java.lang.String com.fan1111.controller.UserController.addUser()
2018-12-16 16:47:43,746 - org.springframework.web.servlet.mvc.method.annotation.RequestMappingHandlerMapping - Mapped "{[/user/checkCode],methods=[GET]}" onto public java.lang.Object com.fan1111.controller.UserController.checkCode(java.lang.String)
2018-12-16 16:47:43,746 - org.springframework.web.servlet.mvc.method.annotation.RequestMappingHandlerMapping - Mapped "{[/user],methods=[GET]}" onto public java.lang.String com.fan1111.controller.UserController.findUsers(java.lang.String,java.lang.String,org.springframework.ui.Model)
2018-12-16 16:47:43,746 - org.springframework.web.servlet.mvc.method.annotation.RequestMappingHandlerMapping - Mapped "{[/user/view],methods=[GET]}" onto public com.fan1111.entity.User com.fan1111.controller.UserController.viewUser(java.lang.String)
2018-12-16 16:47:43,746 - org.springframework.web.servlet.mvc.method.annotation.RequestMappingHandlerMapping - Mapped "{[/user/deleteUser],methods=[GET]}" onto public java.lang.Object com.fan1111.controller.UserController.deleteUser(java.lang.Integer)
2018-12-16 16:47:43,746 - org.springframework.web.servlet.mvc.method.annotation.RequestMappingHandlerMapping - Mapped "{[/user/userUpdate.html],methods=[POST]}" onto public java.lang.String com.fan1111.controller.UserController.updateUser(com.fan1111.entity.User,javax.servlet.http.HttpSession)
2018-12-16 16:47:43,747 - org.springframework.web.servlet.mvc.method.annotation.RequestMappingHandlerMapping - Mapped "{[/user/userSave.html],methods=[POST]}" onto public java.lang.String com.fan1111.controller.UserController.saveUser(com.fan1111.entity.User,javax.servlet.http.HttpSession,org.springframework.web.multipart.MultipartFile[],javax.servlet.http.HttpServletRequest)
2018-12-16 16:47:43,747 - org.springframework.web.servlet.mvc.method.annotation.RequestMappingHandlerMapping - Mapped "{[/user/syserror]}" onto public java.lang.String com.fan1111.controller.UserController.errorPage()
2018-12-16 16:47:43,747 - org.springframework.web.servlet.mvc.method.annotation.RequestMappingHandlerMapping - Mapped "{[/user/checkOldPassword],methods=[GET]}" onto public java.lang.Object com.fan1111.controller.UserController.checkOldPassword(java.lang.String,javax.servlet.http.HttpSession)
2018-12-16 16:47:43,747 - org.springframework.web.servlet.mvc.method.annotation.RequestMappingHandlerMapping - Mapped "{[/user/userModify.html]}" onto public java.lang.String com.fan1111.controller.UserController.modifyUser(java.lang.Integer,javax.servlet.http.HttpServletRequest)
2018-12-16 16:47:43,748 - org.springframework.web.servlet.mvc.method.annotation.RequestMappingHandlerMapping - Mapped "{[/user/pwdSave.html]}" onto public java.lang.String com.fan1111.controller.UserController.updateUserPassword(java.lang.String,java.lang.String,java.lang.String,javax.servlet.http.HttpSession,javax.servlet.http.HttpServletRequest)
2018-12-16 16:47:43,748 - org.springframework.web.servlet.mvc.method.annotation.RequestMappingHandlerMapping - Mapped "{[/user/pwdModify.html]}" onto public java.lang.String com.fan1111.controller.UserController.modifyUserPassword()
2018-12-16 16:47:43,749 - org.springframework.web.servlet.mvc.method.annotation.RequestMappingHandlerMapping - Mapped "{[/error]}" onto public org.springframework.http.ResponseEntity<java.util.Map<java.lang.String, java.lang.Object>> org.springframework.boot.autoconfigure.web.BasicErrorController.error(javax.servlet.http.HttpServletRequest)
2018-12-16 16:47:43,750 - org.springframework.web.servlet.mvc.method.annotation.RequestMappingHandlerMapping - Mapped "{[/error],produces=[text/html]}" onto public org.springframework.web.servlet.ModelAndView org.springframework.boot.autoconfigure.web.BasicErrorController.errorHtml(javax.servlet.http.HttpServletRequest,javax.servlet.http.HttpServletResponse)
2018-12-16 16:47:43,758 - org.springframework.web.servlet.handler.SimpleUrlHandlerMapping - Mapped URL path [/webjars/**] onto handler of type [class org.springframework.web.servlet.resource.ResourceHttpRequestHandler]
2018-12-16 16:47:43,758 - org.springframework.web.servlet.handler.SimpleUrlHandlerMapping - Mapped URL path [/**] onto handler of type [class org.springframework.web.servlet.resource.ResourceHttpRequestHandler]
2018-12-16 16:47:43,772 - org.springframework.web.servlet.handler.SimpleUrlHandlerMapping - Mapped URL path [/**/favicon.ico] onto handler of type [class org.springframework.web.servlet.resource.ResourceHttpRequestHandler]
2018-12-16 16:47:43,859 - org.springframework.boot.devtools.autoconfigure.OptionalLiveReloadServer - LiveReload server is running on port 35729
2018-12-16 16:47:43,896 - org.springframework.jmx.export.annotation.AnnotationMBeanExporter - Registering beans for JMX exposure on startup
2018-12-16 16:47:43,896 - org.springframework.jmx.export.annotation.AnnotationMBeanExporter - Bean with name 'dataSource' has been autodetected for JMX exposure
2018-12-16 16:47:43,899 - org.springframework.jmx.export.annotation.AnnotationMBeanExporter - Located MBean 'dataSource': registering with JMX server as MBean [com.alibaba.druid.pool:name=dataSource,type=DruidDataSource]
2018-12-16 16:47:43,904 - org.apache.coyote.http11.Http11NioProtocol - Starting ProtocolHandler ["http-nio-8080"]
2018-12-16 16:47:43,905 - org.apache.tomcat.util.net.NioSelectorPool - Using a shared selector for servlet write/read
2018-12-16 16:47:43,909 - org.springframework.boot.context.embedded.tomcat.TomcatEmbeddedServletContainer - Tomcat started on port(s): 8080 (http)
2018-12-16 16:47:43,910 - com.fan1111.WildMisApplication - Started WildMisApplication in 0.852 seconds (JVM running for 141.439)
2018-12-16 16:57:48,451 - org.apache.catalina.core.ContainerBase.[Tomcat].[localhost].[/] - Initializing Spring FrameworkServlet 'dispatcherServlet'
2018-12-16 16:57:48,452 - org.springframework.web.servlet.DispatcherServlet - FrameworkServlet 'dispatcherServlet': initialization started
2018-12-16 16:57:48,457 - org.springframework.web.servlet.DispatcherServlet - FrameworkServlet 'dispatcherServlet': initialization completed in 5 ms
2018-12-16 16:57:50,078 - com.alibaba.druid.pool.DruidDataSource - {dataSource-3} inited
