2019-03-09 11:22:22,502 - com.fan1111.BrickApplication - Starting BrickApplication on LAPTOP-GG6QB216 with PID 7148 (started by 41670 in D:\JetBrains\IntelliJ IDEA 2018.3.1\workspace\brick)
2019-03-09 11:22:22,505 - com.fan1111.BrickApplication - No active profile set, falling back to default profiles: default
2019-03-09 11:22:22,579 - org.springframework.boot.devtools.env.DevToolsPropertyDefaultsPostProcessor - Devtools property defaults active! Set 'spring.devtools.add-properties' to 'false' to disable
2019-03-09 11:22:22,579 - org.springframework.boot.devtools.env.DevToolsPropertyDefaultsPostProcessor - For additional web related logging consider setting the 'logging.level.web' property to 'DEBUG'
2019-03-09 11:22:23,662 - org.springframework.boot.web.embedded.tomcat.TomcatWebServer - Tomcat initialized with port(s): 80 (http)
2019-03-09 11:22:23,676 - org.apache.coyote.http11.Http11NioProtocol - Initializing ProtocolHandler ["http-nio-80"]
2019-03-09 11:22:23,685 - org.apache.catalina.core.StandardService - Starting service [Tomcat]
2019-03-09 11:22:23,685 - org.apache.catalina.core.StandardEngine - Starting Servlet engine: [Apache Tomcat/9.0.14]
2019-03-09 11:22:23,691 - org.apache.catalina.core.AprLifecycleListener - The APR based Apache Tomcat Native library which allows optimal performance in production environments was not found on the java.library.path: [C:\Program Files\Java\jdk1.8.0_51\bin;C:\WINDOWS\Sun\Java\bin;C:\WINDOWS\system32;C:\WINDOWS;D:\Anaconda3;D:\Anaconda3\Library\mingw-w64\bin;D:\Anaconda3\Library\usr\bin;D:\Anaconda3\Library\bin;D:\Anaconda3\Scripts;C:\ProgramData\Oracle\Java\javapath;C:\Windows\system32;C:\Windows;C:\Windows\System32\Wbem;C:\Windows\System32\WindowsPowerShell\v1.0\;C:\Program Files (x86)\NVIDIA Corporation\PhysX\Common;C:\Program Files\Java\jdk1.7.0_55\bin;C:\Program Files\dotnet\;C:\Program Files\Microsoft SQL Server\130\Tools\Binn\;C:\Program Files (x86)\MySQL\MySQL Fabric 1.5 & MySQL Utilities 1.5\;C:\Program Files (x86)\MySQL\MySQL Fabric 1.5 & MySQL Utilities 1.5\Doctrine extensions for PHP\;C:\WINDOWS;C:\WINDOWS\system32;C:\WINDOWS\System32\Wbem;C:\WINDOWS\System32\WindowsPowerShell\v1.0\;C:\WINDOWS\System32\OpenSSH\;D:\Program Files\Apache\maven\bin;C:\Program Files\MySQL\MySQL Server 5.7\bin;D:\Program Files\phantomjs-2.1.1-windows\bin;D:\Git\cmd;D:\JetBrains\Anaconda3;D:\JetBrains\Anaconda3\Library\mingw-w64\bin;D:\JetBrains\Anaconda3\Library\usr\bin;D:\JetBrains\Anaconda3\Library\bin;D:\JetBrains\Anaconda3\Scripts;C:\Users\41670\AppData\Local\Microsoft\WindowsApps;D:\PyCharm Community Edition 2018.3\bin;;;.]
2019-03-09 11:22:23,814 - org.apache.catalina.core.ContainerBase.[Tomcat].[localhost].[/] - Initializing Spring embedded WebApplicationContext
2019-03-09 11:22:23,814 - org.springframework.web.context.ContextLoader - Root WebApplicationContext: initialization completed in 1222 ms
2019-03-09 11:22:24,279 - org.springframework.scheduling.concurrent.ThreadPoolTaskExecutor - Initializing ExecutorService 'applicationTaskExecutor'
2019-03-09 11:22:24,483 - org.springframework.boot.devtools.autoconfigure.OptionalLiveReloadServer - LiveReload server is running on port 35729
2019-03-09 11:22:24,511 - org.apache.coyote.http11.Http11NioProtocol - Starting ProtocolHandler ["http-nio-80"]
2019-03-09 11:22:24,539 - org.springframework.boot.web.embedded.tomcat.TomcatWebServer - Tomcat started on port(s): 80 (http) with context path ''
2019-03-09 11:22:24,543 - com.fan1111.BrickApplication - Started BrickApplication in 2.45 seconds (JVM running for 3.836)
2019-03-09 11:22:36,916 - org.apache.catalina.core.ContainerBase.[Tomcat].[localhost].[/] - Initializing Spring DispatcherServlet 'dispatcherServlet'
2019-03-09 11:22:36,917 - org.springframework.web.servlet.DispatcherServlet - Initializing Servlet 'dispatcherServlet'
2019-03-09 11:22:36,923 - org.springframework.web.servlet.DispatcherServlet - Completed initialization in 6 ms
2019-03-09 11:23:01,983 - com.alibaba.druid.pool.DruidDataSource - {dataSource-1} inited
