2019-02-17 15:02:44,906 - com.fan1111.BrickApplication - Starting BrickApplication on LAPTOP-GG6QB216 with PID 15656 (started by 41670 in D:\JetBrains\IntelliJ IDEA 2018.3.1\workspace\brick)
2019-02-17 15:02:44,908 - com.fan1111.BrickApplication - No active profile set, falling back to default profiles: default
2019-02-17 15:02:44,988 - org.springframework.boot.devtools.env.DevToolsPropertyDefaultsPostProcessor - Devtools property defaults active! Set 'spring.devtools.add-properties' to 'false' to disable
2019-02-17 15:02:44,988 - org.springframework.boot.devtools.env.DevToolsPropertyDefaultsPostProcessor - For additional web related logging consider setting the 'logging.level.web' property to 'DEBUG'
2019-02-17 15:02:46,215 - org.springframework.boot.web.embedded.tomcat.TomcatWebServer - Tomcat initialized with port(s): 80 (http)
2019-02-17 15:02:46,231 - org.apache.coyote.http11.Http11NioProtocol - Initializing ProtocolHandler ["http-nio-80"]
2019-02-17 15:02:46,240 - org.apache.catalina.core.StandardService - Starting service [Tomcat]
2019-02-17 15:02:46,240 - org.apache.catalina.core.StandardEngine - Starting Servlet engine: [Apache Tomcat/9.0.14]
2019-02-17 15:02:46,246 - org.apache.catalina.core.AprLifecycleListener - The APR based Apache Tomcat Native library which allows optimal performance in production environments was not found on the java.library.path: [C:\Program Files\Java\jdk1.8.0_51\bin;C:\WINDOWS\Sun\Java\bin;C:\WINDOWS\system32;C:\WINDOWS;D:\Anaconda3;D:\Anaconda3\Library\mingw-w64\bin;D:\Anaconda3\Library\usr\bin;D:\Anaconda3\Library\bin;D:\Anaconda3\Scripts;C:\ProgramData\Oracle\Java\javapath;C:\Windows\system32;C:\Windows;C:\Windows\System32\Wbem;C:\Windows\System32\WindowsPowerShell\v1.0\;C:\Program Files (x86)\NVIDIA Corporation\PhysX\Common;C:\Program Files\Java\jdk1.7.0_55\bin;C:\Program Files\dotnet\;C:\Program Files\Microsoft SQL Server\130\Tools\Binn\;C:\Program Files (x86)\MySQL\MySQL Fabric 1.5 & MySQL Utilities 1.5\;C:\Program Files (x86)\MySQL\MySQL Fabric 1.5 & MySQL Utilities 1.5\Doctrine extensions for PHP\;C:\WINDOWS;C:\WINDOWS\system32;C:\WINDOWS\System32\Wbem;C:\WINDOWS\System32\WindowsPowerShell\v1.0\;C:\WINDOWS\System32\OpenSSH\;D:\Program Files\Apache\maven\bin;C:\Program Files\MySQL\MySQL Server 5.7\bin;D:\Program Files\phantomjs-2.1.1-windows\bin;D:\Git\cmd;D:\JetBrains\Anaconda3;D:\JetBrains\Anaconda3\Library\mingw-w64\bin;D:\JetBrains\Anaconda3\Library\usr\bin;D:\JetBrains\Anaconda3\Library\bin;D:\JetBrains\Anaconda3\Scripts;C:\Users\41670\AppData\Local\Microsoft\WindowsApps;D:\PyCharm Community Edition 2018.3\bin;;;.]
2019-02-17 15:02:46,362 - org.apache.catalina.core.ContainerBase.[Tomcat].[localhost].[/] - Initializing Spring embedded WebApplicationContext
2019-02-17 15:02:46,362 - org.springframework.web.context.ContextLoader - Root WebApplicationContext: initialization completed in 1374 ms
2019-02-17 15:02:46,975 - org.springframework.scheduling.concurrent.ThreadPoolTaskExecutor - Initializing ExecutorService 'applicationTaskExecutor'
2019-02-17 15:02:47,235 - org.springframework.boot.devtools.autoconfigure.OptionalLiveReloadServer - LiveReload server is running on port 35729
2019-02-17 15:02:47,266 - org.apache.coyote.http11.Http11NioProtocol - Starting ProtocolHandler ["http-nio-80"]
2019-02-17 15:02:47,288 - org.springframework.boot.web.embedded.tomcat.TomcatWebServer - Tomcat started on port(s): 80 (http) with context path ''
2019-02-17 15:02:47,291 - com.fan1111.BrickApplication - Started BrickApplication in 2.748 seconds (JVM running for 4.488)
2019-02-17 15:03:03,557 - org.apache.catalina.core.ContainerBase.[Tomcat].[localhost].[/] - Initializing Spring DispatcherServlet 'dispatcherServlet'
2019-02-17 15:03:03,558 - org.springframework.web.servlet.DispatcherServlet - Initializing Servlet 'dispatcherServlet'
2019-02-17 15:03:03,573 - org.springframework.web.servlet.DispatcherServlet - Completed initialization in 15 ms
2019-02-17 15:03:07,238 - com.alibaba.druid.pool.DruidDataSource - {dataSource-1} inited
2019-02-17 15:13:53,822 - com.fan1111.BrickApplication - Starting BrickApplication on LAPTOP-GG6QB216 with PID 17032 (started by 41670 in D:\JetBrains\IntelliJ IDEA 2018.3.1\workspace\brick)
2019-02-17 15:13:53,824 - com.fan1111.BrickApplication - No active profile set, falling back to default profiles: default
2019-02-17 15:13:53,899 - org.springframework.boot.devtools.env.DevToolsPropertyDefaultsPostProcessor - Devtools property defaults active! Set 'spring.devtools.add-properties' to 'false' to disable
2019-02-17 15:13:53,899 - org.springframework.boot.devtools.env.DevToolsPropertyDefaultsPostProcessor - For additional web related logging consider setting the 'logging.level.web' property to 'DEBUG'
2019-02-17 15:13:55,048 - org.springframework.boot.web.embedded.tomcat.TomcatWebServer - Tomcat initialized with port(s): 80 (http)
2019-02-17 15:13:55,058 - org.apache.coyote.http11.Http11NioProtocol - Initializing ProtocolHandler ["http-nio-80"]
2019-02-17 15:13:55,066 - org.apache.catalina.core.StandardService - Starting service [Tomcat]
2019-02-17 15:13:55,066 - org.apache.catalina.core.StandardEngine - Starting Servlet engine: [Apache Tomcat/9.0.14]
2019-02-17 15:13:55,071 - org.apache.catalina.core.AprLifecycleListener - The APR based Apache Tomcat Native library which allows optimal performance in production environments was not found on the java.library.path: [C:\Program Files\Java\jdk1.8.0_51\bin;C:\WINDOWS\Sun\Java\bin;C:\WINDOWS\system32;C:\WINDOWS;D:\Anaconda3;D:\Anaconda3\Library\mingw-w64\bin;D:\Anaconda3\Library\usr\bin;D:\Anaconda3\Library\bin;D:\Anaconda3\Scripts;C:\ProgramData\Oracle\Java\javapath;C:\Windows\system32;C:\Windows;C:\Windows\System32\Wbem;C:\Windows\System32\WindowsPowerShell\v1.0\;C:\Program Files (x86)\NVIDIA Corporation\PhysX\Common;C:\Program Files\Java\jdk1.7.0_55\bin;C:\Program Files\dotnet\;C:\Program Files\Microsoft SQL Server\130\Tools\Binn\;C:\Program Files (x86)\MySQL\MySQL Fabric 1.5 & MySQL Utilities 1.5\;C:\Program Files (x86)\MySQL\MySQL Fabric 1.5 & MySQL Utilities 1.5\Doctrine extensions for PHP\;C:\WINDOWS;C:\WINDOWS\system32;C:\WINDOWS\System32\Wbem;C:\WINDOWS\System32\WindowsPowerShell\v1.0\;C:\WINDOWS\System32\OpenSSH\;D:\Program Files\Apache\maven\bin;C:\Program Files\MySQL\MySQL Server 5.7\bin;D:\Program Files\phantomjs-2.1.1-windows\bin;D:\Git\cmd;D:\JetBrains\Anaconda3;D:\JetBrains\Anaconda3\Library\mingw-w64\bin;D:\JetBrains\Anaconda3\Library\usr\bin;D:\JetBrains\Anaconda3\Library\bin;D:\JetBrains\Anaconda3\Scripts;C:\Users\41670\AppData\Local\Microsoft\WindowsApps;D:\PyCharm Community Edition 2018.3\bin;;;.]
2019-02-17 15:13:55,169 - org.apache.catalina.core.ContainerBase.[Tomcat].[localhost].[/] - Initializing Spring embedded WebApplicationContext
2019-02-17 15:13:55,170 - org.springframework.web.context.ContextLoader - Root WebApplicationContext: initialization completed in 1271 ms
2019-02-17 15:13:55,607 - org.springframework.scheduling.concurrent.ThreadPoolTaskExecutor - Initializing ExecutorService 'applicationTaskExecutor'
2019-02-17 15:13:55,788 - org.springframework.boot.devtools.autoconfigure.OptionalLiveReloadServer - LiveReload server is running on port 35729
2019-02-17 15:13:55,812 - org.apache.coyote.http11.Http11NioProtocol - Starting ProtocolHandler ["http-nio-80"]
2019-02-17 15:13:55,833 - org.springframework.boot.web.embedded.tomcat.TomcatWebServer - Tomcat started on port(s): 80 (http) with context path ''
2019-02-17 15:13:55,835 - com.fan1111.BrickApplication - Started BrickApplication in 2.364 seconds (JVM running for 3.524)
2019-02-17 15:27:17,442 - com.fan1111.BrickApplication - Starting BrickApplication on LAPTOP-GG6QB216 with PID 17848 (started by 41670 in D:\JetBrains\IntelliJ IDEA 2018.3.1\workspace\brick)
2019-02-17 15:27:17,445 - com.fan1111.BrickApplication - No active profile set, falling back to default profiles: default
2019-02-17 15:27:17,512 - org.springframework.boot.devtools.env.DevToolsPropertyDefaultsPostProcessor - Devtools property defaults active! Set 'spring.devtools.add-properties' to 'false' to disable
2019-02-17 15:27:17,512 - org.springframework.boot.devtools.env.DevToolsPropertyDefaultsPostProcessor - For additional web related logging consider setting the 'logging.level.web' property to 'DEBUG'
2019-02-17 15:27:18,679 - org.springframework.boot.web.embedded.tomcat.TomcatWebServer - Tomcat initialized with port(s): 80 (http)
2019-02-17 15:27:18,692 - org.apache.coyote.http11.Http11NioProtocol - Initializing ProtocolHandler ["http-nio-80"]
2019-02-17 15:27:18,701 - org.apache.catalina.core.StandardService - Starting service [Tomcat]
2019-02-17 15:27:18,701 - org.apache.catalina.core.StandardEngine - Starting Servlet engine: [Apache Tomcat/9.0.14]
2019-02-17 15:27:18,707 - org.apache.catalina.core.AprLifecycleListener - The APR based Apache Tomcat Native library which allows optimal performance in production environments was not found on the java.library.path: [C:\Program Files\Java\jdk1.8.0_51\bin;C:\WINDOWS\Sun\Java\bin;C:\WINDOWS\system32;C:\WINDOWS;D:\Anaconda3;D:\Anaconda3\Library\mingw-w64\bin;D:\Anaconda3\Library\usr\bin;D:\Anaconda3\Library\bin;D:\Anaconda3\Scripts;C:\ProgramData\Oracle\Java\javapath;C:\Windows\system32;C:\Windows;C:\Windows\System32\Wbem;C:\Windows\System32\WindowsPowerShell\v1.0\;C:\Program Files (x86)\NVIDIA Corporation\PhysX\Common;C:\Program Files\Java\jdk1.7.0_55\bin;C:\Program Files\dotnet\;C:\Program Files\Microsoft SQL Server\130\Tools\Binn\;C:\Program Files (x86)\MySQL\MySQL Fabric 1.5 & MySQL Utilities 1.5\;C:\Program Files (x86)\MySQL\MySQL Fabric 1.5 & MySQL Utilities 1.5\Doctrine extensions for PHP\;C:\WINDOWS;C:\WINDOWS\system32;C:\WINDOWS\System32\Wbem;C:\WINDOWS\System32\WindowsPowerShell\v1.0\;C:\WINDOWS\System32\OpenSSH\;D:\Program Files\Apache\maven\bin;C:\Program Files\MySQL\MySQL Server 5.7\bin;D:\Program Files\phantomjs-2.1.1-windows\bin;D:\Git\cmd;D:\JetBrains\Anaconda3;D:\JetBrains\Anaconda3\Library\mingw-w64\bin;D:\JetBrains\Anaconda3\Library\usr\bin;D:\JetBrains\Anaconda3\Library\bin;D:\JetBrains\Anaconda3\Scripts;C:\Users\41670\AppData\Local\Microsoft\WindowsApps;D:\PyCharm Community Edition 2018.3\bin;;;.]
2019-02-17 15:27:18,827 - org.apache.catalina.core.ContainerBase.[Tomcat].[localhost].[/] - Initializing Spring embedded WebApplicationContext
2019-02-17 15:27:18,828 - org.springframework.web.context.ContextLoader - Root WebApplicationContext: initialization completed in 1316 ms
2019-02-17 15:27:19,254 - org.springframework.scheduling.concurrent.ThreadPoolTaskExecutor - Initializing ExecutorService 'applicationTaskExecutor'
2019-02-17 15:27:19,438 - org.springframework.boot.devtools.autoconfigure.OptionalLiveReloadServer - LiveReload server is running on port 35729
2019-02-17 15:27:19,463 - org.apache.coyote.http11.Http11NioProtocol - Starting ProtocolHandler ["http-nio-80"]
2019-02-17 15:27:19,484 - org.springframework.boot.web.embedded.tomcat.TomcatWebServer - Tomcat started on port(s): 80 (http) with context path ''
2019-02-17 15:27:19,487 - com.fan1111.BrickApplication - Started BrickApplication in 2.387 seconds (JVM running for 3.58)
2019-02-17 15:27:37,179 - org.springframework.scheduling.concurrent.ThreadPoolTaskExecutor - Shutting down ExecutorService 'applicationTaskExecutor'
