2019-01-15 20:31:18,192 - com.fan1111.WildMisApplication - Starting WildMisApplication on LAPTOP-GG6QB216 with PID 1948 (started by 41670 in D:\JetBrains\IntelliJ IDEA 2018.3.1\workspace\wildMIS)
2019-01-15 20:31:18,194 - com.fan1111.WildMisApplication - No active profile set, falling back to default profiles: default
2019-01-15 20:31:18,449 - org.hibernate.validator.internal.util.Version - HV000001: Hibernate Validator 5.3.6.Final
2019-01-15 20:31:18,561 - org.springframework.boot.context.embedded.AnnotationConfigEmbeddedWebApplicationContext - Refreshing org.springframework.boot.context.embedded.AnnotationConfigEmbeddedWebApplicationContext@4c89c987: startup date [Tue Jan 15 20:31:18 CST 2019]; root of context hierarchy
2019-01-15 20:31:20,372 - org.springframework.boot.context.embedded.tomcat.TomcatEmbeddedServletContainer - Tomcat initialized with port(s): 80 (http)
2019-01-15 20:31:20,387 - org.apache.coyote.http11.Http11NioProtocol - Initializing ProtocolHandler ["http-nio-80"]
2019-01-15 20:31:20,398 - org.apache.catalina.core.StandardService - Starting service [Tomcat]
2019-01-15 20:31:20,399 - org.apache.catalina.core.StandardEngine - Starting Servlet Engine: Apache Tomcat/8.5.31
2019-01-15 20:31:20,555 - org.apache.catalina.core.ContainerBase.[Tomcat].[localhost].[/] - Initializing Spring embedded WebApplicationContext
2019-01-15 20:31:20,556 - org.springframework.web.context.ContextLoader - Root WebApplicationContext: initialization completed in 1994 ms
2019-01-15 20:31:20,736 - org.springframework.boot.web.servlet.ServletRegistrationBean - Mapping servlet: 'dispatcherServlet' to [/]
2019-01-15 20:31:20,739 - org.springframework.boot.web.servlet.FilterRegistrationBean - Mapping filter: 'characterEncodingFilter' to: [/*]
2019-01-15 20:31:20,740 - org.springframework.boot.web.servlet.FilterRegistrationBean - Mapping filter: 'hiddenHttpMethodFilter' to: [/*]
2019-01-15 20:31:20,740 - org.springframework.boot.web.servlet.FilterRegistrationBean - Mapping filter: 'httpPutFormContentFilter' to: [/*]
2019-01-15 20:31:20,740 - org.springframework.boot.web.servlet.FilterRegistrationBean - Mapping filter: 'requestContextFilter' to: [/*]
2019-01-15 20:31:21,593 - org.springframework.web.servlet.mvc.method.annotation.RequestMappingHandlerAdapter - Looking for @ControllerAdvice: org.springframework.boot.context.embedded.AnnotationConfigEmbeddedWebApplicationContext@4c89c987: startup date [Tue Jan 15 20:31:18 CST 2019]; root of context hierarchy
2019-01-15 20:31:21,644 - org.springframework.web.servlet.mvc.method.annotation.RequestMappingHandlerMapping - Mapped "{[/frame]}" onto public java.lang.String com.fan1111.controller.FrameController.index(org.springframework.ui.Model)
2019-01-15 20:31:21,645 - org.springframework.web.servlet.mvc.method.annotation.RequestMappingHandlerMapping - Mapped "{[/form.html]}" onto public java.lang.String com.fan1111.controller.FrameController.form(org.springframework.ui.Model)
2019-01-15 20:31:21,645 - org.springframework.web.servlet.mvc.method.annotation.RequestMappingHandlerMapping - Mapped "{[/tabpanel.html]}" onto public java.lang.String com.fan1111.controller.FrameController.tabpanel(org.springframework.ui.Model)
2019-01-15 20:31:21,645 - org.springframework.web.servlet.mvc.method.annotation.RequestMappingHandlerMapping - Mapped "{[/chart.html]}" onto public java.lang.String com.fan1111.controller.FrameController.chart(org.springframework.ui.Model)
2019-01-15 20:31:21,646 - org.springframework.web.servlet.mvc.method.annotation.RequestMappingHandlerMapping - Mapped "{[/ui.html]}" onto public java.lang.String com.fan1111.controller.FrameController.ui(org.springframework.ui.Model)
2019-01-15 20:31:21,646 - org.springframework.web.servlet.mvc.method.annotation.RequestMappingHandlerMapping - Mapped "{[/regist.html]}" onto public java.lang.String com.fan1111.controller.LoginController.register()
2019-01-15 20:31:21,646 - org.springframework.web.servlet.mvc.method.annotation.RequestMappingHandlerMapping - Mapped "{[/exit.html]}" onto public java.lang.String com.fan1111.controller.LoginController.loginOut(javax.servlet.http.HttpSession)
2019-01-15 20:31:21,647 - org.springframework.web.servlet.mvc.method.annotation.RequestMappingHandlerMapping - Mapped "{[/forgetPassword.html]}" onto public java.lang.String com.fan1111.controller.LoginController.forgetPassword()
2019-01-15 20:31:21,647 - org.springframework.web.servlet.mvc.method.annotation.RequestMappingHandlerMapping - Mapped "{[/welcome]}" onto public java.lang.String com.fan1111.controller.LoginController.doLogin(java.lang.String,java.lang.String,javax.servlet.http.HttpSession,javax.servlet.http.HttpServletRequest,org.springframework.ui.Model)
2019-01-15 20:31:21,647 - org.springframework.web.servlet.mvc.method.annotation.RequestMappingHandlerMapping - Mapped "{[/]}" onto public java.lang.String com.fan1111.controller.LoginController.login()
2019-01-15 20:31:21,648 - org.springframework.web.servlet.mvc.method.annotation.RequestMappingHandlerMapping - Mapped "{[/student],methods=[GET]}" onto public java.lang.String com.fan1111.controller.StudentController.queryStudens(java.lang.String,java.lang.String,org.springframework.ui.Model)
2019-01-15 20:31:21,651 - org.springframework.web.servlet.mvc.method.annotation.RequestMappingHandlerMapping - Mapped "{[/user/userAdd.html]}" onto public java.lang.String com.fan1111.controller.UserController.addUser()
2019-01-15 20:31:21,652 - org.springframework.web.servlet.mvc.method.annotation.RequestMappingHandlerMapping - Mapped "{[/user],methods=[GET]}" onto public java.lang.String com.fan1111.controller.UserController.findUsers(java.lang.String,java.lang.String,org.springframework.ui.Model)
2019-01-15 20:31:21,652 - org.springframework.web.servlet.mvc.method.annotation.RequestMappingHandlerMapping - Mapped "{[/user/pwdSave.html]}" onto public java.lang.String com.fan1111.controller.UserController.updateUserPassword(java.lang.String,java.lang.String,java.lang.String,javax.servlet.http.HttpSession,javax.servlet.http.HttpServletRequest)
2019-01-15 20:31:21,652 - org.springframework.web.servlet.mvc.method.annotation.RequestMappingHandlerMapping - Mapped "{[/user/pwdModify.html]}" onto public java.lang.String com.fan1111.controller.UserController.modifyUserPassword()
2019-01-15 20:31:21,653 - org.springframework.web.servlet.mvc.method.annotation.RequestMappingHandlerMapping - Mapped "{[/user/deleteUser],methods=[GET]}" onto public java.lang.Object com.fan1111.controller.UserController.deleteUser(java.lang.Integer)
2019-01-15 20:31:21,653 - org.springframework.web.servlet.mvc.method.annotation.RequestMappingHandlerMapping - Mapped "{[/user/userSave.html],methods=[POST]}" onto public java.lang.String com.fan1111.controller.UserController.saveUser(com.fan1111.entity.User,javax.servlet.http.HttpSession,org.springframework.web.multipart.MultipartFile[],javax.servlet.http.HttpServletRequest)
2019-01-15 20:31:21,653 - org.springframework.web.servlet.mvc.method.annotation.RequestMappingHandlerMapping - Mapped "{[/user/checkCode],methods=[GET]}" onto public java.lang.Object com.fan1111.controller.UserController.checkCode(java.lang.String)
2019-01-15 20:31:21,653 - org.springframework.web.servlet.mvc.method.annotation.RequestMappingHandlerMapping - Mapped "{[/user/view],methods=[GET]}" onto public com.fan1111.entity.User com.fan1111.controller.UserController.viewUser(java.lang.String)
2019-01-15 20:31:21,654 - org.springframework.web.servlet.mvc.method.annotation.RequestMappingHandlerMapping - Mapped "{[/user/syserror]}" onto public java.lang.String com.fan1111.controller.UserController.errorPage()
2019-01-15 20:31:21,654 - org.springframework.web.servlet.mvc.method.annotation.RequestMappingHandlerMapping - Mapped "{[/user/userModify.html]}" onto public java.lang.String com.fan1111.controller.UserController.modifyUser(java.lang.Integer,javax.servlet.http.HttpServletRequest)
2019-01-15 20:31:21,654 - org.springframework.web.servlet.mvc.method.annotation.RequestMappingHandlerMapping - Mapped "{[/user/checkOldPassword],methods=[GET]}" onto public java.lang.Object com.fan1111.controller.UserController.checkOldPassword(java.lang.String,javax.servlet.http.HttpSession)
2019-01-15 20:31:21,655 - org.springframework.web.servlet.mvc.method.annotation.RequestMappingHandlerMapping - Mapped "{[/user/userUpdate.html],methods=[POST]}" onto public java.lang.String com.fan1111.controller.UserController.updateUser(com.fan1111.entity.User,javax.servlet.http.HttpSession)
2019-01-15 20:31:21,656 - org.springframework.web.servlet.mvc.method.annotation.RequestMappingHandlerMapping - Mapped "{[/error]}" onto public org.springframework.http.ResponseEntity<java.util.Map<java.lang.String, java.lang.Object>> org.springframework.boot.autoconfigure.web.BasicErrorController.error(javax.servlet.http.HttpServletRequest)
2019-01-15 20:31:21,657 - org.springframework.web.servlet.mvc.method.annotation.RequestMappingHandlerMapping - Mapped "{[/error],produces=[text/html]}" onto public org.springframework.web.servlet.ModelAndView org.springframework.boot.autoconfigure.web.BasicErrorController.errorHtml(javax.servlet.http.HttpServletRequest,javax.servlet.http.HttpServletResponse)
2019-01-15 20:31:21,675 - org.springframework.web.servlet.handler.SimpleUrlHandlerMapping - Mapped URL path [/webjars/**] onto handler of type [class org.springframework.web.servlet.resource.ResourceHttpRequestHandler]
2019-01-15 20:31:21,675 - org.springframework.web.servlet.handler.SimpleUrlHandlerMapping - Mapped URL path [/**] onto handler of type [class org.springframework.web.servlet.resource.ResourceHttpRequestHandler]
2019-01-15 20:31:21,712 - org.springframework.web.servlet.handler.SimpleUrlHandlerMapping - Mapped URL path [/**/favicon.ico] onto handler of type [class org.springframework.web.servlet.resource.ResourceHttpRequestHandler]
2019-01-15 20:31:22,649 - org.springframework.boot.devtools.autoconfigure.OptionalLiveReloadServer - LiveReload server is running on port 35729
2019-01-15 20:31:22,687 - org.springframework.jmx.export.annotation.AnnotationMBeanExporter - Registering beans for JMX exposure on startup
2019-01-15 20:31:22,689 - org.springframework.jmx.export.annotation.AnnotationMBeanExporter - Bean with name 'dataSource' has been autodetected for JMX exposure
2019-01-15 20:31:22,693 - org.springframework.jmx.export.annotation.AnnotationMBeanExporter - Located MBean 'dataSource': registering with JMX server as MBean [com.alibaba.druid.pool:name=dataSource,type=DruidDataSource]
2019-01-15 20:31:22,704 - org.apache.coyote.http11.Http11NioProtocol - Starting ProtocolHandler ["http-nio-80"]
2019-01-15 20:31:22,716 - org.apache.tomcat.util.net.NioSelectorPool - Using a shared selector for servlet write/read
2019-01-15 20:31:22,751 - org.springframework.boot.context.embedded.tomcat.TomcatEmbeddedServletContainer - Tomcat started on port(s): 80 (http)
2019-01-15 20:31:22,755 - com.fan1111.WildMisApplication - Started WildMisApplication in 5.302 seconds (JVM running for 6.922)
信息 - 2019-01-15 20:31:52,819 - com.fan1111.WildMisApplication - Starting WildMisApplication on LAPTOP-GG6QB216 with PID 8236 (started by 41670 in D:\JetBrains\IntelliJ IDEA 2018.3.1\workspace\wildMIS)
信息 - 2019-01-15 20:31:52,820 - com.fan1111.WildMisApplication - No active profile set, falling back to default profiles: default
信息 - 2019-01-15 20:31:52,933 - org.hibernate.validator.internal.util.Version - HV000001: Hibernate Validator 5.3.6.Final
信息 - 2019-01-15 20:31:52,958 - org.springframework.boot.context.embedded.AnnotationConfigEmbeddedWebApplicationContext - Refreshing org.springframework.boot.context.embedded.AnnotationConfigEmbeddedWebApplicationContext@1f190c19: startup date [Tue Jan 15 20:31:52 CST 2019]; root of context hierarchy
信息 - 2019-01-15 20:31:54,140 - org.springframework.boot.context.embedded.tomcat.TomcatEmbeddedServletContainer - Tomcat initialized with port(s): 80 (http)
信息 - 2019-01-15 20:31:54,158 - org.apache.coyote.http11.Http11NioProtocol - Initializing ProtocolHandler ["http-nio-80"]
信息 - 2019-01-15 20:31:54,175 - org.apache.catalina.core.StandardService - Starting service [Tomcat]
信息 - 2019-01-15 20:31:54,175 - org.apache.catalina.core.StandardEngine - Starting Servlet Engine: Apache Tomcat/8.5.31
信息 - 2019-01-15 20:31:54,326 - org.apache.catalina.core.ContainerBase.[Tomcat].[localhost].[/] - Initializing Spring embedded WebApplicationContext
信息 - 2019-01-15 20:31:54,327 - org.springframework.web.context.ContextLoader - Root WebApplicationContext: initialization completed in 1369 ms
信息 - 2019-01-15 20:31:54,508 - org.springframework.boot.web.servlet.ServletRegistrationBean - Mapping servlet: 'dispatcherServlet' to [/]
信息 - 2019-01-15 20:31:54,511 - org.springframework.boot.web.servlet.FilterRegistrationBean - Mapping filter: 'characterEncodingFilter' to: [/*]
信息 - 2019-01-15 20:31:54,511 - org.springframework.boot.web.servlet.FilterRegistrationBean - Mapping filter: 'hiddenHttpMethodFilter' to: [/*]
信息 - 2019-01-15 20:31:54,511 - org.springframework.boot.web.servlet.FilterRegistrationBean - Mapping filter: 'httpPutFormContentFilter' to: [/*]
信息 - 2019-01-15 20:31:54,511 - org.springframework.boot.web.servlet.FilterRegistrationBean - Mapping filter: 'requestContextFilter' to: [/*]
信息 - 2019-01-15 20:31:54,944 - org.springframework.web.servlet.mvc.method.annotation.RequestMappingHandlerAdapter - Looking for @ControllerAdvice: org.springframework.boot.context.embedded.AnnotationConfigEmbeddedWebApplicationContext@1f190c19: startup date [Tue Jan 15 20:31:52 CST 2019]; root of context hierarchy
信息 - 2019-01-15 20:31:54,979 - org.springframework.web.servlet.mvc.method.annotation.RequestMappingHandlerMapping - Mapped "{[/frame]}" onto public java.lang.String com.fan1111.controller.FrameController.index(org.springframework.ui.Model)
信息 - 2019-01-15 20:31:54,979 - org.springframework.web.servlet.mvc.method.annotation.RequestMappingHandlerMapping - Mapped "{[/form.html]}" onto public java.lang.String com.fan1111.controller.FrameController.form(org.springframework.ui.Model)
信息 - 2019-01-15 20:31:54,979 - org.springframework.web.servlet.mvc.method.annotation.RequestMappingHandlerMapping - Mapped "{[/chart.html]}" onto public java.lang.String com.fan1111.controller.FrameController.chart(org.springframework.ui.Model)
信息 - 2019-01-15 20:31:54,979 - org.springframework.web.servlet.mvc.method.annotation.RequestMappingHandlerMapping - Mapped "{[/ui.html]}" onto public java.lang.String com.fan1111.controller.FrameController.ui(org.springframework.ui.Model)
信息 - 2019-01-15 20:31:54,979 - org.springframework.web.servlet.mvc.method.annotation.RequestMappingHandlerMapping - Mapped "{[/tabpanel.html]}" onto public java.lang.String com.fan1111.controller.FrameController.tabpanel(org.springframework.ui.Model)
信息 - 2019-01-15 20:31:54,980 - org.springframework.web.servlet.mvc.method.annotation.RequestMappingHandlerMapping - Mapped "{[/regist.html]}" onto public java.lang.String com.fan1111.controller.LoginController.register()
信息 - 2019-01-15 20:31:54,980 - org.springframework.web.servlet.mvc.method.annotation.RequestMappingHandlerMapping - Mapped "{[/]}" onto public java.lang.String com.fan1111.controller.LoginController.login()
信息 - 2019-01-15 20:31:54,980 - org.springframework.web.servlet.mvc.method.annotation.RequestMappingHandlerMapping - Mapped "{[/forgetPassword.html]}" onto public java.lang.String com.fan1111.controller.LoginController.forgetPassword()
信息 - 2019-01-15 20:31:54,980 - org.springframework.web.servlet.mvc.method.annotation.RequestMappingHandlerMapping - Mapped "{[/welcome]}" onto public java.lang.String com.fan1111.controller.LoginController.doLogin(java.lang.String,java.lang.String,javax.servlet.http.HttpSession,javax.servlet.http.HttpServletRequest,org.springframework.ui.Model)
信息 - 2019-01-15 20:31:54,981 - org.springframework.web.servlet.mvc.method.annotation.RequestMappingHandlerMapping - Mapped "{[/exit.html]}" onto public java.lang.String com.fan1111.controller.LoginController.loginOut(javax.servlet.http.HttpSession)
信息 - 2019-01-15 20:31:54,982 - org.springframework.web.servlet.mvc.method.annotation.RequestMappingHandlerMapping - Mapped "{[/student],methods=[GET]}" onto public java.lang.String com.fan1111.controller.StudentController.queryStudens(java.lang.String,java.lang.String,org.springframework.ui.Model)
信息 - 2019-01-15 20:31:54,985 - org.springframework.web.servlet.mvc.method.annotation.RequestMappingHandlerMapping - Mapped "{[/user/userAdd.html]}" onto public java.lang.String com.fan1111.controller.UserController.addUser()
信息 - 2019-01-15 20:31:54,985 - org.springframework.web.servlet.mvc.method.annotation.RequestMappingHandlerMapping - Mapped "{[/user/checkCode],methods=[GET]}" onto public java.lang.Object com.fan1111.controller.UserController.checkCode(java.lang.String)
信息 - 2019-01-15 20:31:54,986 - org.springframework.web.servlet.mvc.method.annotation.RequestMappingHandlerMapping - Mapped "{[/user/userModify.html]}" onto public java.lang.String com.fan1111.controller.UserController.modifyUser(java.lang.Integer,javax.servlet.http.HttpServletRequest)
信息 - 2019-01-15 20:31:54,986 - org.springframework.web.servlet.mvc.method.annotation.RequestMappingHandlerMapping - Mapped "{[/user],methods=[GET]}" onto public java.lang.String com.fan1111.controller.UserController.findUsers(java.lang.String,java.lang.String,org.springframework.ui.Model)
信息 - 2019-01-15 20:31:54,986 - org.springframework.web.servlet.mvc.method.annotation.RequestMappingHandlerMapping - Mapped "{[/user/userSave.html],methods=[POST]}" onto public java.lang.String com.fan1111.controller.UserController.saveUser(com.fan1111.entity.User,javax.servlet.http.HttpSession,org.springframework.web.multipart.MultipartFile[],javax.servlet.http.HttpServletRequest)
信息 - 2019-01-15 20:31:54,986 - org.springframework.web.servlet.mvc.method.annotation.RequestMappingHandlerMapping - Mapped "{[/user/syserror]}" onto public java.lang.String com.fan1111.controller.UserController.errorPage()
信息 - 2019-01-15 20:31:54,986 - org.springframework.web.servlet.mvc.method.annotation.RequestMappingHandlerMapping - Mapped "{[/user/userUpdate.html],methods=[POST]}" onto public java.lang.String com.fan1111.controller.UserController.updateUser(com.fan1111.entity.User,javax.servlet.http.HttpSession)
信息 - 2019-01-15 20:31:54,987 - org.springframework.web.servlet.mvc.method.annotation.RequestMappingHandlerMapping - Mapped "{[/user/view],methods=[GET]}" onto public com.fan1111.entity.User com.fan1111.controller.UserController.viewUser(java.lang.String)
信息 - 2019-01-15 20:31:54,987 - org.springframework.web.servlet.mvc.method.annotation.RequestMappingHandlerMapping - Mapped "{[/user/deleteUser],methods=[GET]}" onto public java.lang.Object com.fan1111.controller.UserController.deleteUser(java.lang.Integer)
信息 - 2019-01-15 20:31:54,987 - org.springframework.web.servlet.mvc.method.annotation.RequestMappingHandlerMapping - Mapped "{[/user/checkOldPassword],methods=[GET]}" onto public java.lang.Object com.fan1111.controller.UserController.checkOldPassword(java.lang.String,javax.servlet.http.HttpSession)
信息 - 2019-01-15 20:31:54,987 - org.springframework.web.servlet.mvc.method.annotation.RequestMappingHandlerMapping - Mapped "{[/user/pwdSave.html]}" onto public java.lang.String com.fan1111.controller.UserController.updateUserPassword(java.lang.String,java.lang.String,java.lang.String,javax.servlet.http.HttpSession,javax.servlet.http.HttpServletRequest)
信息 - 2019-01-15 20:31:54,987 - org.springframework.web.servlet.mvc.method.annotation.RequestMappingHandlerMapping - Mapped "{[/user/pwdModify.html]}" onto public java.lang.String com.fan1111.controller.UserController.modifyUserPassword()
信息 - 2019-01-15 20:31:54,989 - org.springframework.web.servlet.mvc.method.annotation.RequestMappingHandlerMapping - Mapped "{[/error]}" onto public org.springframework.http.ResponseEntity<java.util.Map<java.lang.String, java.lang.Object>> org.springframework.boot.autoconfigure.web.BasicErrorController.error(javax.servlet.http.HttpServletRequest)
信息 - 2019-01-15 20:31:54,989 - org.springframework.web.servlet.mvc.method.annotation.RequestMappingHandlerMapping - Mapped "{[/error],produces=[text/html]}" onto public org.springframework.web.servlet.ModelAndView org.springframework.boot.autoconfigure.web.BasicErrorController.errorHtml(javax.servlet.http.HttpServletRequest,javax.servlet.http.HttpServletResponse)
信息 - 2019-01-15 20:31:55,006 - org.springframework.web.servlet.handler.SimpleUrlHandlerMapping - Mapped URL path [/webjars/**] onto handler of type [class org.springframework.web.servlet.resource.ResourceHttpRequestHandler]
信息 - 2019-01-15 20:31:55,007 - org.springframework.web.servlet.handler.SimpleUrlHandlerMapping - Mapped URL path [/**] onto handler of type [class org.springframework.web.servlet.resource.ResourceHttpRequestHandler]
信息 - 2019-01-15 20:31:55,031 - org.springframework.web.servlet.handler.SimpleUrlHandlerMapping - Mapped URL path [/**/favicon.ico] onto handler of type [class org.springframework.web.servlet.resource.ResourceHttpRequestHandler]
信息 - 2019-01-15 20:31:55,425 - org.springframework.boot.devtools.autoconfigure.OptionalLiveReloadServer - LiveReload server is running on port 35729
信息 - 2019-01-15 20:31:55,461 - org.springframework.jmx.export.annotation.AnnotationMBeanExporter - Registering beans for JMX exposure on startup
信息 - 2019-01-15 20:31:55,462 - org.springframework.jmx.export.annotation.AnnotationMBeanExporter - Bean with name 'dataSource' has been autodetected for JMX exposure
信息 - 2019-01-15 20:31:55,465 - org.springframework.jmx.export.annotation.AnnotationMBeanExporter - Located MBean 'dataSource': registering with JMX server as MBean [com.alibaba.druid.pool:name=dataSource,type=DruidDataSource]
信息 - 2019-01-15 20:31:55,473 - org.apache.coyote.http11.Http11NioProtocol - Starting ProtocolHandler ["http-nio-80"]
信息 - 2019-01-15 20:31:55,485 - org.apache.tomcat.util.net.NioSelectorPool - Using a shared selector for servlet write/read
信息 - 2019-01-15 20:31:55,494 - org.springframework.boot.context.embedded.tomcat.TomcatEmbeddedServletContainer - Tomcat started on port(s): 80 (http)
信息 - 2019-01-15 20:31:55,497 - com.fan1111.WildMisApplication - Started WildMisApplication in 3.022 seconds (JVM running for 3.948)
信息 - 2019-01-15 20:32:19,786 -1111- com.fan1111.WildMisApplication - Starting WildMisApplication on LAPTOP-GG6QB216 with PID 7588 (started by 41670 in D:\JetBrains\IntelliJ IDEA 2018.3.1\workspace\wildMIS)
信息 - 2019-01-15 20:32:19,787 -1111- com.fan1111.WildMisApplication - No active profile set, falling back to default profiles: default
信息 - 2019-01-15 20:32:19,903 -1111- org.hibernate.validator.internal.util.Version - HV000001: Hibernate Validator 5.3.6.Final
信息 - 2019-01-15 20:32:19,923 -1111- org.springframework.boot.context.embedded.AnnotationConfigEmbeddedWebApplicationContext - Refreshing org.springframework.boot.context.embedded.AnnotationConfigEmbeddedWebApplicationContext@5bd5aa3d: startup date [Tue Jan 15 20:32:19 CST 2019]; root of context hierarchy
信息 - 2019-01-15 20:32:21,029 -1111- org.springframework.boot.context.embedded.tomcat.TomcatEmbeddedServletContainer - Tomcat initialized with port(s): 80 (http)
信息 - 2019-01-15 20:32:21,044 -1111- org.apache.coyote.http11.Http11NioProtocol - Initializing ProtocolHandler ["http-nio-80"]
信息 - 2019-01-15 20:32:21,057 -1111- org.apache.catalina.core.StandardService - Starting service [Tomcat]
信息 - 2019-01-15 20:32:21,058 -1111- org.apache.catalina.core.StandardEngine - Starting Servlet Engine: Apache Tomcat/8.5.31
信息 - 2019-01-15 20:32:21,198 -1111- org.apache.catalina.core.ContainerBase.[Tomcat].[localhost].[/] - Initializing Spring embedded WebApplicationContext
信息 - 2019-01-15 20:32:21,198 -1111- org.springframework.web.context.ContextLoader - Root WebApplicationContext: initialization completed in 1276 ms
信息 - 2019-01-15 20:32:21,411 -1111- org.springframework.boot.web.servlet.ServletRegistrationBean - Mapping servlet: 'dispatcherServlet' to [/]
信息 - 2019-01-15 20:32:21,414 -1111- org.springframework.boot.web.servlet.FilterRegistrationBean - Mapping filter: 'characterEncodingFilter' to: [/*]
信息 - 2019-01-15 20:32:21,415 -1111- org.springframework.boot.web.servlet.FilterRegistrationBean - Mapping filter: 'hiddenHttpMethodFilter' to: [/*]
信息 - 2019-01-15 20:32:21,415 -1111- org.springframework.boot.web.servlet.FilterRegistrationBean - Mapping filter: 'httpPutFormContentFilter' to: [/*]
信息 - 2019-01-15 20:32:21,415 -1111- org.springframework.boot.web.servlet.FilterRegistrationBean - Mapping filter: 'requestContextFilter' to: [/*]
信息 - 2019-01-15 20:32:21,896 -1111- org.springframework.web.servlet.mvc.method.annotation.RequestMappingHandlerAdapter - Looking for @ControllerAdvice: org.springframework.boot.context.embedded.AnnotationConfigEmbeddedWebApplicationContext@5bd5aa3d: startup date [Tue Jan 15 20:32:19 CST 2019]; root of context hierarchy
信息 - 2019-01-15 20:32:21,956 -1111- org.springframework.web.servlet.mvc.method.annotation.RequestMappingHandlerMapping - Mapped "{[/frame]}" onto public java.lang.String com.fan1111.controller.FrameController.index(org.springframework.ui.Model)
信息 - 2019-01-15 20:32:21,957 -1111- org.springframework.web.servlet.mvc.method.annotation.RequestMappingHandlerMapping - Mapped "{[/form.html]}" onto public java.lang.String com.fan1111.controller.FrameController.form(org.springframework.ui.Model)
信息 - 2019-01-15 20:32:21,957 -1111- org.springframework.web.servlet.mvc.method.annotation.RequestMappingHandlerMapping - Mapped "{[/chart.html]}" onto public java.lang.String com.fan1111.controller.FrameController.chart(org.springframework.ui.Model)
信息 - 2019-01-15 20:32:21,958 -1111- org.springframework.web.servlet.mvc.method.annotation.RequestMappingHandlerMapping - Mapped "{[/tabpanel.html]}" onto public java.lang.String com.fan1111.controller.FrameController.tabpanel(org.springframework.ui.Model)
信息 - 2019-01-15 20:32:21,958 -1111- org.springframework.web.servlet.mvc.method.annotation.RequestMappingHandlerMapping - Mapped "{[/ui.html]}" onto public java.lang.String com.fan1111.controller.FrameController.ui(org.springframework.ui.Model)
信息 - 2019-01-15 20:32:21,959 -1111- org.springframework.web.servlet.mvc.method.annotation.RequestMappingHandlerMapping - Mapped "{[/regist.html]}" onto public java.lang.String com.fan1111.controller.LoginController.register()
信息 - 2019-01-15 20:32:21,959 -1111- org.springframework.web.servlet.mvc.method.annotation.RequestMappingHandlerMapping - Mapped "{[/welcome]}" onto public java.lang.String com.fan1111.controller.LoginController.doLogin(java.lang.String,java.lang.String,javax.servlet.http.HttpSession,javax.servlet.http.HttpServletRequest,org.springframework.ui.Model)
信息 - 2019-01-15 20:32:21,960 -1111- org.springframework.web.servlet.mvc.method.annotation.RequestMappingHandlerMapping - Mapped "{[/exit.html]}" onto public java.lang.String com.fan1111.controller.LoginController.loginOut(javax.servlet.http.HttpSession)
信息 - 2019-01-15 20:32:21,960 -1111- org.springframework.web.servlet.mvc.method.annotation.RequestMappingHandlerMapping - Mapped "{[/]}" onto public java.lang.String com.fan1111.controller.LoginController.login()
信息 - 2019-01-15 20:32:21,960 -1111- org.springframework.web.servlet.mvc.method.annotation.RequestMappingHandlerMapping - Mapped "{[/forgetPassword.html]}" onto public java.lang.String com.fan1111.controller.LoginController.forgetPassword()
信息 - 2019-01-15 20:32:21,961 -1111- org.springframework.web.servlet.mvc.method.annotation.RequestMappingHandlerMapping - Mapped "{[/student],methods=[GET]}" onto public java.lang.String com.fan1111.controller.StudentController.queryStudens(java.lang.String,java.lang.String,org.springframework.ui.Model)
信息 - 2019-01-15 20:32:21,965 -1111- org.springframework.web.servlet.mvc.method.annotation.RequestMappingHandlerMapping - Mapped "{[/user/userAdd.html]}" onto public java.lang.String com.fan1111.controller.UserController.addUser()
信息 - 2019-01-15 20:32:21,965 -1111- org.springframework.web.servlet.mvc.method.annotation.RequestMappingHandlerMapping - Mapped "{[/user/checkCode],methods=[GET]}" onto public java.lang.Object com.fan1111.controller.UserController.checkCode(java.lang.String)
信息 - 2019-01-15 20:32:21,966 -1111- org.springframework.web.servlet.mvc.method.annotation.RequestMappingHandlerMapping - Mapped "{[/user],methods=[GET]}" onto public java.lang.String com.fan1111.controller.UserController.findUsers(java.lang.String,java.lang.String,org.springframework.ui.Model)
信息 - 2019-01-15 20:32:21,966 -1111- org.springframework.web.servlet.mvc.method.annotation.RequestMappingHandlerMapping - Mapped "{[/user/userUpdate.html],methods=[POST]}" onto public java.lang.String com.fan1111.controller.UserController.updateUser(com.fan1111.entity.User,javax.servlet.http.HttpSession)
信息 - 2019-01-15 20:32:21,966 -1111- org.springframework.web.servlet.mvc.method.annotation.RequestMappingHandlerMapping - Mapped "{[/user/userModify.html]}" onto public java.lang.String com.fan1111.controller.UserController.modifyUser(java.lang.Integer,javax.servlet.http.HttpServletRequest)
信息 - 2019-01-15 20:32:21,966 -1111- org.springframework.web.servlet.mvc.method.annotation.RequestMappingHandlerMapping - Mapped "{[/user/view],methods=[GET]}" onto public com.fan1111.entity.User com.fan1111.controller.UserController.viewUser(java.lang.String)
信息 - 2019-01-15 20:32:21,967 -1111- org.springframework.web.servlet.mvc.method.annotation.RequestMappingHandlerMapping - Mapped "{[/user/userSave.html],methods=[POST]}" onto public java.lang.String com.fan1111.controller.UserController.saveUser(com.fan1111.entity.User,javax.servlet.http.HttpSession,org.springframework.web.multipart.MultipartFile[],javax.servlet.http.HttpServletRequest)
信息 - 2019-01-15 20:32:21,967 -1111- org.springframework.web.servlet.mvc.method.annotation.RequestMappingHandlerMapping - Mapped "{[/user/checkOldPassword],methods=[GET]}" onto public java.lang.Object com.fan1111.controller.UserController.checkOldPassword(java.lang.String,javax.servlet.http.HttpSession)
信息 - 2019-01-15 20:32:21,967 -1111- org.springframework.web.servlet.mvc.method.annotation.RequestMappingHandlerMapping - Mapped "{[/user/syserror]}" onto public java.lang.String com.fan1111.controller.UserController.errorPage()
信息 - 2019-01-15 20:32:21,967 -1111- org.springframework.web.servlet.mvc.method.annotation.RequestMappingHandlerMapping - Mapped "{[/user/deleteUser],methods=[GET]}" onto public java.lang.Object com.fan1111.controller.UserController.deleteUser(java.lang.Integer)
信息 - 2019-01-15 20:32:21,968 -1111- org.springframework.web.servlet.mvc.method.annotation.RequestMappingHandlerMapping - Mapped "{[/user/pwdSave.html]}" onto public java.lang.String com.fan1111.controller.UserController.updateUserPassword(java.lang.String,java.lang.String,java.lang.String,javax.servlet.http.HttpSession,javax.servlet.http.HttpServletRequest)
信息 - 2019-01-15 20:32:21,968 -1111- org.springframework.web.servlet.mvc.method.annotation.RequestMappingHandlerMapping - Mapped "{[/user/pwdModify.html]}" onto public java.lang.String com.fan1111.controller.UserController.modifyUserPassword()
信息 - 2019-01-15 20:32:21,970 -1111- org.springframework.web.servlet.mvc.method.annotation.RequestMappingHandlerMapping - Mapped "{[/error]}" onto public org.springframework.http.ResponseEntity<java.util.Map<java.lang.String, java.lang.Object>> org.springframework.boot.autoconfigure.web.BasicErrorController.error(javax.servlet.http.HttpServletRequest)
信息 - 2019-01-15 20:32:21,971 -1111- org.springframework.web.servlet.mvc.method.annotation.RequestMappingHandlerMapping - Mapped "{[/error],produces=[text/html]}" onto public org.springframework.web.servlet.ModelAndView org.springframework.boot.autoconfigure.web.BasicErrorController.errorHtml(javax.servlet.http.HttpServletRequest,javax.servlet.http.HttpServletResponse)
信息 - 2019-01-15 20:32:21,995 -1111- org.springframework.web.servlet.handler.SimpleUrlHandlerMapping - Mapped URL path [/webjars/**] onto handler of type [class org.springframework.web.servlet.resource.ResourceHttpRequestHandler]
信息 - 2019-01-15 20:32:21,995 -1111- org.springframework.web.servlet.handler.SimpleUrlHandlerMapping - Mapped URL path [/**] onto handler of type [class org.springframework.web.servlet.resource.ResourceHttpRequestHandler]
信息 - 2019-01-15 20:32:22,024 -1111- org.springframework.web.servlet.handler.SimpleUrlHandlerMapping - Mapped URL path [/**/favicon.ico] onto handler of type [class org.springframework.web.servlet.resource.ResourceHttpRequestHandler]
信息 - 2019-01-15 20:32:22,473 -1111- org.springframework.boot.devtools.autoconfigure.OptionalLiveReloadServer - LiveReload server is running on port 35729
信息 - 2019-01-15 20:32:22,510 -1111- org.springframework.jmx.export.annotation.AnnotationMBeanExporter - Registering beans for JMX exposure on startup
信息 - 2019-01-15 20:32:22,511 -1111- org.springframework.jmx.export.annotation.AnnotationMBeanExporter - Bean with name 'dataSource' has been autodetected for JMX exposure
信息 - 2019-01-15 20:32:22,515 -1111- org.springframework.jmx.export.annotation.AnnotationMBeanExporter - Located MBean 'dataSource': registering with JMX server as MBean [com.alibaba.druid.pool:name=dataSource,type=DruidDataSource]
信息 - 2019-01-15 20:32:22,524 -1111- org.apache.coyote.http11.Http11NioProtocol - Starting ProtocolHandler ["http-nio-80"]
信息 - 2019-01-15 20:32:22,536 -1111- org.apache.tomcat.util.net.NioSelectorPool - Using a shared selector for servlet write/read
信息 - 2019-01-15 20:32:22,546 -1111- org.springframework.boot.context.embedded.tomcat.TomcatEmbeddedServletContainer - Tomcat started on port(s): 80 (http)
信息 - 2019-01-15 20:32:22,549 -1111- com.fan1111.WildMisApplication - Started WildMisApplication in 3.112 seconds (JVM running for 4.003)
信息 - 2019-01-15 20:32:36,364 -1111- org.springframework.boot.context.embedded.AnnotationConfigEmbeddedWebApplicationContext - Closing org.springframework.boot.context.embedded.AnnotationConfigEmbeddedWebApplicationContext@5bd5aa3d: startup date [Tue Jan 15 20:32:19 CST 2019]; root of context hierarchy
信息 - 2019-01-15 20:32:36,367 -1111- org.springframework.jmx.export.annotation.AnnotationMBeanExporter - Unregistering JMX-exposed beans on shutdown
信息 - 2019-01-15 20:32:36,367 -1111- org.springframework.jmx.export.annotation.AnnotationMBeanExporter - Unregistering JMX-exposed beans
2019-01-15 20:32:36,960 - com.fan1111.WildMisApplication - Starting WildMisApplication on LAPTOP-GG6QB216 with PID 7588 (started by 41670 in D:\JetBrains\IntelliJ IDEA 2018.3.1\workspace\wildMIS)
2019-01-15 20:32:36,961 - com.fan1111.WildMisApplication - No active profile set, falling back to default profiles: default
2019-01-15 20:32:36,964 - org.springframework.boot.context.embedded.AnnotationConfigEmbeddedWebApplicationContext - Refreshing org.springframework.boot.context.embedded.AnnotationConfigEmbeddedWebApplicationContext@43c52851: startup date [Tue Jan 15 20:32:36 CST 2019]; root of context hierarchy
2019-01-15 20:32:37,338 - org.springframework.boot.context.embedded.tomcat.TomcatEmbeddedServletContainer - Tomcat initialized with port(s): 80 (http)
2019-01-15 20:32:37,339 - org.apache.coyote.http11.Http11NioProtocol - Initializing ProtocolHandler ["http-nio-80"]
2019-01-15 20:32:37,339 - org.apache.catalina.core.StandardService - Starting service [Tomcat]
2019-01-15 20:32:37,339 - org.apache.catalina.core.StandardEngine - Starting Servlet Engine: Apache Tomcat/8.5.31
2019-01-15 20:32:37,375 - org.apache.catalina.core.ContainerBase.[Tomcat].[localhost].[/] - Initializing Spring embedded WebApplicationContext
2019-01-15 20:32:37,376 - org.springframework.web.context.ContextLoader - Root WebApplicationContext: initialization completed in 412 ms
2019-01-15 20:32:37,402 - org.springframework.boot.web.servlet.ServletRegistrationBean - Mapping servlet: 'dispatcherServlet' to [/]
2019-01-15 20:32:37,402 - org.springframework.boot.web.servlet.FilterRegistrationBean - Mapping filter: 'characterEncodingFilter' to: [/*]
2019-01-15 20:32:37,403 - org.springframework.boot.web.servlet.FilterRegistrationBean - Mapping filter: 'hiddenHttpMethodFilter' to: [/*]
2019-01-15 20:32:37,403 - org.springframework.boot.web.servlet.FilterRegistrationBean - Mapping filter: 'httpPutFormContentFilter' to: [/*]
2019-01-15 20:32:37,403 - org.springframework.boot.web.servlet.FilterRegistrationBean - Mapping filter: 'requestContextFilter' to: [/*]
2019-01-15 20:32:37,515 - org.springframework.web.servlet.mvc.method.annotation.RequestMappingHandlerAdapter - Looking for @ControllerAdvice: org.springframework.boot.context.embedded.AnnotationConfigEmbeddedWebApplicationContext@43c52851: startup date [Tue Jan 15 20:32:36 CST 2019]; root of context hierarchy
2019-01-15 20:32:37,521 - org.springframework.web.servlet.mvc.method.annotation.RequestMappingHandlerMapping - Mapped "{[/frame]}" onto public java.lang.String com.fan1111.controller.FrameController.index(org.springframework.ui.Model)
2019-01-15 20:32:37,521 - org.springframework.web.servlet.mvc.method.annotation.RequestMappingHandlerMapping - Mapped "{[/form.html]}" onto public java.lang.String com.fan1111.controller.FrameController.form(org.springframework.ui.Model)
2019-01-15 20:32:37,521 - org.springframework.web.servlet.mvc.method.annotation.RequestMappingHandlerMapping - Mapped "{[/chart.html]}" onto public java.lang.String com.fan1111.controller.FrameController.chart(org.springframework.ui.Model)
2019-01-15 20:32:37,522 - org.springframework.web.servlet.mvc.method.annotation.RequestMappingHandlerMapping - Mapped "{[/tabpanel.html]}" onto public java.lang.String com.fan1111.controller.FrameController.tabpanel(org.springframework.ui.Model)
2019-01-15 20:32:37,522 - org.springframework.web.servlet.mvc.method.annotation.RequestMappingHandlerMapping - Mapped "{[/ui.html]}" onto public java.lang.String com.fan1111.controller.FrameController.ui(org.springframework.ui.Model)
2019-01-15 20:32:37,522 - org.springframework.web.servlet.mvc.method.annotation.RequestMappingHandlerMapping - Mapped "{[/regist.html]}" onto public java.lang.String com.fan1111.controller.LoginController.register()
2019-01-15 20:32:37,522 - org.springframework.web.servlet.mvc.method.annotation.RequestMappingHandlerMapping - Mapped "{[/welcome]}" onto public java.lang.String com.fan1111.controller.LoginController.doLogin(java.lang.String,java.lang.String,javax.servlet.http.HttpSession,javax.servlet.http.HttpServletRequest,org.springframework.ui.Model)
2019-01-15 20:32:37,523 - org.springframework.web.servlet.mvc.method.annotation.RequestMappingHandlerMapping - Mapped "{[/exit.html]}" onto public java.lang.String com.fan1111.controller.LoginController.loginOut(javax.servlet.http.HttpSession)
2019-01-15 20:32:37,523 - org.springframework.web.servlet.mvc.method.annotation.RequestMappingHandlerMapping - Mapped "{[/]}" onto public java.lang.String com.fan1111.controller.LoginController.login()
2019-01-15 20:32:37,523 - org.springframework.web.servlet.mvc.method.annotation.RequestMappingHandlerMapping - Mapped "{[/forgetPassword.html]}" onto public java.lang.String com.fan1111.controller.LoginController.forgetPassword()
2019-01-15 20:32:37,524 - org.springframework.web.servlet.mvc.method.annotation.RequestMappingHandlerMapping - Mapped "{[/student],methods=[GET]}" onto public java.lang.String com.fan1111.controller.StudentController.queryStudens(java.lang.String,java.lang.String,org.springframework.ui.Model)
2019-01-15 20:32:37,526 - org.springframework.web.servlet.mvc.method.annotation.RequestMappingHandlerMapping - Mapped "{[/user/userAdd.html]}" onto public java.lang.String com.fan1111.controller.UserController.addUser()
2019-01-15 20:32:37,526 - org.springframework.web.servlet.mvc.method.annotation.RequestMappingHandlerMapping - Mapped "{[/user/checkCode],methods=[GET]}" onto public java.lang.Object com.fan1111.controller.UserController.checkCode(java.lang.String)
2019-01-15 20:32:37,526 - org.springframework.web.servlet.mvc.method.annotation.RequestMappingHandlerMapping - Mapped "{[/user],methods=[GET]}" onto public java.lang.String com.fan1111.controller.UserController.findUsers(java.lang.String,java.lang.String,org.springframework.ui.Model)
2019-01-15 20:32:37,526 - org.springframework.web.servlet.mvc.method.annotation.RequestMappingHandlerMapping - Mapped "{[/user/userUpdate.html],methods=[POST]}" onto public java.lang.String com.fan1111.controller.UserController.updateUser(com.fan1111.entity.User,javax.servlet.http.HttpSession)
2019-01-15 20:32:37,526 - org.springframework.web.servlet.mvc.method.annotation.RequestMappingHandlerMapping - Mapped "{[/user/userModify.html]}" onto public java.lang.String com.fan1111.controller.UserController.modifyUser(java.lang.Integer,javax.servlet.http.HttpServletRequest)
2019-01-15 20:32:37,527 - org.springframework.web.servlet.mvc.method.annotation.RequestMappingHandlerMapping - Mapped "{[/user/view],methods=[GET]}" onto public com.fan1111.entity.User com.fan1111.controller.UserController.viewUser(java.lang.String)
2019-01-15 20:32:37,527 - org.springframework.web.servlet.mvc.method.annotation.RequestMappingHandlerMapping - Mapped "{[/user/userSave.html],methods=[POST]}" onto public java.lang.String com.fan1111.controller.UserController.saveUser(com.fan1111.entity.User,javax.servlet.http.HttpSession,org.springframework.web.multipart.MultipartFile[],javax.servlet.http.HttpServletRequest)
2019-01-15 20:32:37,527 - org.springframework.web.servlet.mvc.method.annotation.RequestMappingHandlerMapping - Mapped "{[/user/checkOldPassword],methods=[GET]}" onto public java.lang.Object com.fan1111.controller.UserController.checkOldPassword(java.lang.String,javax.servlet.http.HttpSession)
2019-01-15 20:32:37,527 - org.springframework.web.servlet.mvc.method.annotation.RequestMappingHandlerMapping - Mapped "{[/user/syserror]}" onto public java.lang.String com.fan1111.controller.UserController.errorPage()
2019-01-15 20:32:37,527 - org.springframework.web.servlet.mvc.method.annotation.RequestMappingHandlerMapping - Mapped "{[/user/deleteUser],methods=[GET]}" onto public java.lang.Object com.fan1111.controller.UserController.deleteUser(java.lang.Integer)
2019-01-15 20:32:37,528 - org.springframework.web.servlet.mvc.method.annotation.RequestMappingHandlerMapping - Mapped "{[/user/pwdSave.html]}" onto public java.lang.String com.fan1111.controller.UserController.updateUserPassword(java.lang.String,java.lang.String,java.lang.String,javax.servlet.http.HttpSession,javax.servlet.http.HttpServletRequest)
2019-01-15 20:32:37,528 - org.springframework.web.servlet.mvc.method.annotation.RequestMappingHandlerMapping - Mapped "{[/user/pwdModify.html]}" onto public java.lang.String com.fan1111.controller.UserController.modifyUserPassword()
2019-01-15 20:32:37,529 - org.springframework.web.servlet.mvc.method.annotation.RequestMappingHandlerMapping - Mapped "{[/error]}" onto public org.springframework.http.ResponseEntity<java.util.Map<java.lang.String, java.lang.Object>> org.springframework.boot.autoconfigure.web.BasicErrorController.error(javax.servlet.http.HttpServletRequest)
2019-01-15 20:32:37,529 - org.springframework.web.servlet.mvc.method.annotation.RequestMappingHandlerMapping - Mapped "{[/error],produces=[text/html]}" onto public org.springframework.web.servlet.ModelAndView org.springframework.boot.autoconfigure.web.BasicErrorController.errorHtml(javax.servlet.http.HttpServletRequest,javax.servlet.http.HttpServletResponse)
2019-01-15 20:32:37,535 - org.springframework.web.servlet.handler.SimpleUrlHandlerMapping - Mapped URL path [/webjars/**] onto handler of type [class org.springframework.web.servlet.resource.ResourceHttpRequestHandler]
2019-01-15 20:32:37,535 - org.springframework.web.servlet.handler.SimpleUrlHandlerMapping - Mapped URL path [/**] onto handler of type [class org.springframework.web.servlet.resource.ResourceHttpRequestHandler]
2019-01-15 20:32:37,546 - org.springframework.web.servlet.handler.SimpleUrlHandlerMapping - Mapped URL path [/**/favicon.ico] onto handler of type [class org.springframework.web.servlet.resource.ResourceHttpRequestHandler]
2019-01-15 20:32:37,618 - org.springframework.boot.devtools.autoconfigure.OptionalLiveReloadServer - LiveReload server is running on port 35729
2019-01-15 20:32:37,651 - org.springframework.jmx.export.annotation.AnnotationMBeanExporter - Registering beans for JMX exposure on startup
2019-01-15 20:32:37,652 - org.springframework.jmx.export.annotation.AnnotationMBeanExporter - Bean with name 'dataSource' has been autodetected for JMX exposure
2019-01-15 20:32:37,654 - org.springframework.jmx.export.annotation.AnnotationMBeanExporter - Located MBean 'dataSource': registering with JMX server as MBean [com.alibaba.druid.pool:name=dataSource,type=DruidDataSource]
2019-01-15 20:32:37,658 - org.apache.coyote.http11.Http11NioProtocol - Starting ProtocolHandler ["http-nio-80"]
2019-01-15 20:32:37,659 - org.apache.tomcat.util.net.NioSelectorPool - Using a shared selector for servlet write/read
2019-01-15 20:32:37,663 - org.springframework.boot.context.embedded.tomcat.TomcatEmbeddedServletContainer - Tomcat started on port(s): 80 (http)
2019-01-15 20:32:37,664 - com.fan1111.WildMisApplication - Started WildMisApplication in 0.761 seconds (JVM running for 19.118)
2019-01-15 20:33:02,028 - org.springframework.boot.context.embedded.AnnotationConfigEmbeddedWebApplicationContext - Closing org.springframework.boot.context.embedded.AnnotationConfigEmbeddedWebApplicationContext@43c52851: startup date [Tue Jan 15 20:32:36 CST 2019]; root of context hierarchy
2019-01-15 20:33:02,031 - org.springframework.jmx.export.annotation.AnnotationMBeanExporter - Unregistering JMX-exposed beans on shutdown
2019-01-15 20:33:02,031 - org.springframework.jmx.export.annotation.AnnotationMBeanExporter - Unregistering JMX-exposed beans
2019-01-15 20:33:02,481 - com.fan1111.WildMisApplication - Starting WildMisApplication on LAPTOP-GG6QB216 with PID 7588 (started by 41670 in D:\JetBrains\IntelliJ IDEA 2018.3.1\workspace\wildMIS)
2019-01-15 20:33:02,481 - com.fan1111.WildMisApplication - No active profile set, falling back to default profiles: default
2019-01-15 20:33:02,484 - org.springframework.boot.context.embedded.AnnotationConfigEmbeddedWebApplicationContext - Refreshing org.springframework.boot.context.embedded.AnnotationConfigEmbeddedWebApplicationContext@270fdcf: startup date [Tue Jan 15 20:33:02 CST 2019]; root of context hierarchy
2019-01-15 20:33:02,772 - org.springframework.boot.context.embedded.tomcat.TomcatEmbeddedServletContainer - Tomcat initialized with port(s): 80 (http)
2019-01-15 20:33:02,773 - org.apache.coyote.http11.Http11NioProtocol - Initializing ProtocolHandler ["http-nio-80"]
2019-01-15 20:33:02,773 - org.apache.catalina.core.StandardService - Starting service [Tomcat]
2019-01-15 20:33:02,773 - org.apache.catalina.core.StandardEngine - Starting Servlet Engine: Apache Tomcat/8.5.31
2019-01-15 20:33:02,880 - org.apache.catalina.core.ContainerBase.[Tomcat].[localhost].[/] - Initializing Spring embedded WebApplicationContext
2019-01-15 20:33:02,883 - org.springframework.web.context.ContextLoader - Root WebApplicationContext: initialization completed in 399 ms
2019-01-15 20:33:02,947 - org.springframework.boot.web.servlet.ServletRegistrationBean - Mapping servlet: 'dispatcherServlet' to [/]
2019-01-15 20:33:02,948 - org.springframework.boot.web.servlet.FilterRegistrationBean - Mapping filter: 'characterEncodingFilter' to: [/*]
2019-01-15 20:33:02,949 - org.springframework.boot.web.servlet.FilterRegistrationBean - Mapping filter: 'hiddenHttpMethodFilter' to: [/*]
2019-01-15 20:33:02,949 - org.springframework.boot.web.servlet.FilterRegistrationBean - Mapping filter: 'httpPutFormContentFilter' to: [/*]
2019-01-15 20:33:02,949 - org.springframework.boot.web.servlet.FilterRegistrationBean - Mapping filter: 'requestContextFilter' to: [/*]
2019-01-15 20:33:03,061 - org.springframework.web.servlet.mvc.method.annotation.RequestMappingHandlerAdapter - Looking for @ControllerAdvice: org.springframework.boot.context.embedded.AnnotationConfigEmbeddedWebApplicationContext@270fdcf: startup date [Tue Jan 15 20:33:02 CST 2019]; root of context hierarchy
2019-01-15 20:33:03,068 - org.springframework.web.servlet.mvc.method.annotation.RequestMappingHandlerMapping - Mapped "{[/frame]}" onto public java.lang.String com.fan1111.controller.FrameController.index(org.springframework.ui.Model)
2019-01-15 20:33:03,068 - org.springframework.web.servlet.mvc.method.annotation.RequestMappingHandlerMapping - Mapped "{[/form.html]}" onto public java.lang.String com.fan1111.controller.FrameController.form(org.springframework.ui.Model)
2019-01-15 20:33:03,069 - org.springframework.web.servlet.mvc.method.annotation.RequestMappingHandlerMapping - Mapped "{[/chart.html]}" onto public java.lang.String com.fan1111.controller.FrameController.chart(org.springframework.ui.Model)
2019-01-15 20:33:03,069 - org.springframework.web.servlet.mvc.method.annotation.RequestMappingHandlerMapping - Mapped "{[/tabpanel.html]}" onto public java.lang.String com.fan1111.controller.FrameController.tabpanel(org.springframework.ui.Model)
2019-01-15 20:33:03,069 - org.springframework.web.servlet.mvc.method.annotation.RequestMappingHandlerMapping - Mapped "{[/ui.html]}" onto public java.lang.String com.fan1111.controller.FrameController.ui(org.springframework.ui.Model)
2019-01-15 20:33:03,069 - org.springframework.web.servlet.mvc.method.annotation.RequestMappingHandlerMapping - Mapped "{[/regist.html]}" onto public java.lang.String com.fan1111.controller.LoginController.register()
2019-01-15 20:33:03,070 - org.springframework.web.servlet.mvc.method.annotation.RequestMappingHandlerMapping - Mapped "{[/welcome]}" onto public java.lang.String com.fan1111.controller.LoginController.doLogin(java.lang.String,java.lang.String,javax.servlet.http.HttpSession,javax.servlet.http.HttpServletRequest,org.springframework.ui.Model)
2019-01-15 20:33:03,070 - org.springframework.web.servlet.mvc.method.annotation.RequestMappingHandlerMapping - Mapped "{[/exit.html]}" onto public java.lang.String com.fan1111.controller.LoginController.loginOut(javax.servlet.http.HttpSession)
2019-01-15 20:33:03,070 - org.springframework.web.servlet.mvc.method.annotation.RequestMappingHandlerMapping - Mapped "{[/]}" onto public java.lang.String com.fan1111.controller.LoginController.login()
2019-01-15 20:33:03,070 - org.springframework.web.servlet.mvc.method.annotation.RequestMappingHandlerMapping - Mapped "{[/forgetPassword.html]}" onto public java.lang.String com.fan1111.controller.LoginController.forgetPassword()
2019-01-15 20:33:03,070 - org.springframework.web.servlet.mvc.method.annotation.RequestMappingHandlerMapping - Mapped "{[/student],methods=[GET]}" onto public java.lang.String com.fan1111.controller.StudentController.queryStudens(java.lang.String,java.lang.String,org.springframework.ui.Model)
2019-01-15 20:33:03,071 - org.springframework.web.servlet.mvc.method.annotation.RequestMappingHandlerMapping - Mapped "{[/user/userAdd.html]}" onto public java.lang.String com.fan1111.controller.UserController.addUser()
2019-01-15 20:33:03,071 - org.springframework.web.servlet.mvc.method.annotation.RequestMappingHandlerMapping - Mapped "{[/user/checkCode],methods=[GET]}" onto public java.lang.Object com.fan1111.controller.UserController.checkCode(java.lang.String)
2019-01-15 20:33:03,072 - org.springframework.web.servlet.mvc.method.annotation.RequestMappingHandlerMapping - Mapped "{[/user],methods=[GET]}" onto public java.lang.String com.fan1111.controller.UserController.findUsers(java.lang.String,java.lang.String,org.springframework.ui.Model)
2019-01-15 20:33:03,072 - org.springframework.web.servlet.mvc.method.annotation.RequestMappingHandlerMapping - Mapped "{[/user/userUpdate.html],methods=[POST]}" onto public java.lang.String com.fan1111.controller.UserController.updateUser(com.fan1111.entity.User,javax.servlet.http.HttpSession)
2019-01-15 20:33:03,072 - org.springframework.web.servlet.mvc.method.annotation.RequestMappingHandlerMapping - Mapped "{[/user/userModify.html]}" onto public java.lang.String com.fan1111.controller.UserController.modifyUser(java.lang.Integer,javax.servlet.http.HttpServletRequest)
2019-01-15 20:33:03,072 - org.springframework.web.servlet.mvc.method.annotation.RequestMappingHandlerMapping - Mapped "{[/user/view],methods=[GET]}" onto public com.fan1111.entity.User com.fan1111.controller.UserController.viewUser(java.lang.String)
2019-01-15 20:33:03,073 - org.springframework.web.servlet.mvc.method.annotation.RequestMappingHandlerMapping - Mapped "{[/user/userSave.html],methods=[POST]}" onto public java.lang.String com.fan1111.controller.UserController.saveUser(com.fan1111.entity.User,javax.servlet.http.HttpSession,org.springframework.web.multipart.MultipartFile[],javax.servlet.http.HttpServletRequest)
2019-01-15 20:33:03,073 - org.springframework.web.servlet.mvc.method.annotation.RequestMappingHandlerMapping - Mapped "{[/user/checkOldPassword],methods=[GET]}" onto public java.lang.Object com.fan1111.controller.UserController.checkOldPassword(java.lang.String,javax.servlet.http.HttpSession)
2019-01-15 20:33:03,073 - org.springframework.web.servlet.mvc.method.annotation.RequestMappingHandlerMapping - Mapped "{[/user/syserror]}" onto public java.lang.String com.fan1111.controller.UserController.errorPage()
2019-01-15 20:33:03,073 - org.springframework.web.servlet.mvc.method.annotation.RequestMappingHandlerMapping - Mapped "{[/user/deleteUser],methods=[GET]}" onto public java.lang.Object com.fan1111.controller.UserController.deleteUser(java.lang.Integer)
2019-01-15 20:33:03,073 - org.springframework.web.servlet.mvc.method.annotation.RequestMappingHandlerMapping - Mapped "{[/user/pwdSave.html]}" onto public java.lang.String com.fan1111.controller.UserController.updateUserPassword(java.lang.String,java.lang.String,java.lang.String,javax.servlet.http.HttpSession,javax.servlet.http.HttpServletRequest)
2019-01-15 20:33:03,074 - org.springframework.web.servlet.mvc.method.annotation.RequestMappingHandlerMapping - Mapped "{[/user/pwdModify.html]}" onto public java.lang.String com.fan1111.controller.UserController.modifyUserPassword()
2019-01-15 20:33:03,075 - org.springframework.web.servlet.mvc.method.annotation.RequestMappingHandlerMapping - Mapped "{[/error]}" onto public org.springframework.http.ResponseEntity<java.util.Map<java.lang.String, java.lang.Object>> org.springframework.boot.autoconfigure.web.BasicErrorController.error(javax.servlet.http.HttpServletRequest)
2019-01-15 20:33:03,075 - org.springframework.web.servlet.mvc.method.annotation.RequestMappingHandlerMapping - Mapped "{[/error],produces=[text/html]}" onto public org.springframework.web.servlet.ModelAndView org.springframework.boot.autoconfigure.web.BasicErrorController.errorHtml(javax.servlet.http.HttpServletRequest,javax.servlet.http.HttpServletResponse)
2019-01-15 20:33:03,082 - org.springframework.web.servlet.handler.SimpleUrlHandlerMapping - Mapped URL path [/webjars/**] onto handler of type [class org.springframework.web.servlet.resource.ResourceHttpRequestHandler]
2019-01-15 20:33:03,082 - org.springframework.web.servlet.handler.SimpleUrlHandlerMapping - Mapped URL path [/**] onto handler of type [class org.springframework.web.servlet.resource.ResourceHttpRequestHandler]
2019-01-15 20:33:03,089 - org.springframework.web.servlet.handler.SimpleUrlHandlerMapping - Mapped URL path [/**/favicon.ico] onto handler of type [class org.springframework.web.servlet.resource.ResourceHttpRequestHandler]
2019-01-15 20:33:03,140 - org.springframework.boot.devtools.autoconfigure.OptionalLiveReloadServer - LiveReload server is running on port 35729
2019-01-15 20:33:03,169 - org.springframework.jmx.export.annotation.AnnotationMBeanExporter - Registering beans for JMX exposure on startup
2019-01-15 20:33:03,169 - org.springframework.jmx.export.annotation.AnnotationMBeanExporter - Bean with name 'dataSource' has been autodetected for JMX exposure
2019-01-15 20:33:03,171 - org.springframework.jmx.export.annotation.AnnotationMBeanExporter - Located MBean 'dataSource': registering with JMX server as MBean [com.alibaba.druid.pool:name=dataSource,type=DruidDataSource]
2019-01-15 20:33:03,174 - org.apache.coyote.http11.Http11NioProtocol - Starting ProtocolHandler ["http-nio-80"]
2019-01-15 20:33:03,175 - org.apache.tomcat.util.net.NioSelectorPool - Using a shared selector for servlet write/read
2019-01-15 20:33:03,179 - org.springframework.boot.context.embedded.tomcat.TomcatEmbeddedServletContainer - Tomcat started on port(s): 80 (http)
2019-01-15 20:33:03,180 - com.fan1111.WildMisApplication - Started WildMisApplication in 0.743 seconds (JVM running for 44.635)
2019-01-15 20:33:29,468 - org.springframework.boot.context.embedded.AnnotationConfigEmbeddedWebApplicationContext - Closing org.springframework.boot.context.embedded.AnnotationConfigEmbeddedWebApplicationContext@270fdcf: startup date [Tue Jan 15 20:33:02 CST 2019]; root of context hierarchy
2019-01-15 20:33:29,470 - org.springframework.jmx.export.annotation.AnnotationMBeanExporter - Unregistering JMX-exposed beans on shutdown
2019-01-15 20:33:29,470 - org.springframework.jmx.export.annotation.AnnotationMBeanExporter - Unregistering JMX-exposed beans
2019-01-15 20:33:29,841 - com.fan1111.WildMisApplication - Starting WildMisApplication on LAPTOP-GG6QB216 with PID 7588 (started by 41670 in D:\JetBrains\IntelliJ IDEA 2018.3.1\workspace\wildMIS)
2019-01-15 20:33:29,842 - com.fan1111.WildMisApplication - No active profile set, falling back to default profiles: default
2019-01-15 20:33:29,843 - org.springframework.boot.context.embedded.AnnotationConfigEmbeddedWebApplicationContext - Refreshing org.springframework.boot.context.embedded.AnnotationConfigEmbeddedWebApplicationContext@5064eaac: startup date [Tue Jan 15 20:33:29 CST 2019]; root of context hierarchy
2019-01-15 20:33:30,165 - org.springframework.boot.context.embedded.tomcat.TomcatEmbeddedServletContainer - Tomcat initialized with port(s): 80 (http)
2019-01-15 20:33:30,166 - org.apache.coyote.http11.Http11NioProtocol - Initializing ProtocolHandler ["http-nio-80"]
2019-01-15 20:33:30,166 - org.apache.catalina.core.StandardService - Starting service [Tomcat]
2019-01-15 20:33:30,166 - org.apache.catalina.core.StandardEngine - Starting Servlet Engine: Apache Tomcat/8.5.31
2019-01-15 20:33:30,203 - org.apache.catalina.core.ContainerBase.[Tomcat].[localhost].[/] - Initializing Spring embedded WebApplicationContext
2019-01-15 20:33:30,204 - org.springframework.web.context.ContextLoader - Root WebApplicationContext: initialization completed in 361 ms
2019-01-15 20:33:30,235 - org.springframework.boot.web.servlet.ServletRegistrationBean - Mapping servlet: 'dispatcherServlet' to [/]
2019-01-15 20:33:30,236 - org.springframework.boot.web.servlet.FilterRegistrationBean - Mapping filter: 'characterEncodingFilter' to: [/*]
2019-01-15 20:33:30,237 - org.springframework.boot.web.servlet.FilterRegistrationBean - Mapping filter: 'hiddenHttpMethodFilter' to: [/*]
2019-01-15 20:33:30,237 - org.springframework.boot.web.servlet.FilterRegistrationBean - Mapping filter: 'httpPutFormContentFilter' to: [/*]
2019-01-15 20:33:30,237 - org.springframework.boot.web.servlet.FilterRegistrationBean - Mapping filter: 'requestContextFilter' to: [/*]
2019-01-15 20:33:30,393 - org.springframework.web.servlet.mvc.method.annotation.RequestMappingHandlerAdapter - Looking for @ControllerAdvice: org.springframework.boot.context.embedded.AnnotationConfigEmbeddedWebApplicationContext@5064eaac: startup date [Tue Jan 15 20:33:29 CST 2019]; root of context hierarchy
2019-01-15 20:33:30,399 - org.springframework.web.servlet.mvc.method.annotation.RequestMappingHandlerMapping - Mapped "{[/frame]}" onto public java.lang.String com.fan1111.controller.FrameController.index(org.springframework.ui.Model)
2019-01-15 20:33:30,400 - org.springframework.web.servlet.mvc.method.annotation.RequestMappingHandlerMapping - Mapped "{[/form.html]}" onto public java.lang.String com.fan1111.controller.FrameController.form(org.springframework.ui.Model)
2019-01-15 20:33:30,400 - org.springframework.web.servlet.mvc.method.annotation.RequestMappingHandlerMapping - Mapped "{[/chart.html]}" onto public java.lang.String com.fan1111.controller.FrameController.chart(org.springframework.ui.Model)
2019-01-15 20:33:30,400 - org.springframework.web.servlet.mvc.method.annotation.RequestMappingHandlerMapping - Mapped "{[/tabpanel.html]}" onto public java.lang.String com.fan1111.controller.FrameController.tabpanel(org.springframework.ui.Model)
2019-01-15 20:33:30,400 - org.springframework.web.servlet.mvc.method.annotation.RequestMappingHandlerMapping - Mapped "{[/ui.html]}" onto public java.lang.String com.fan1111.controller.FrameController.ui(org.springframework.ui.Model)
2019-01-15 20:33:30,401 - org.springframework.web.servlet.mvc.method.annotation.RequestMappingHandlerMapping - Mapped "{[/regist.html]}" onto public java.lang.String com.fan1111.controller.LoginController.register()
2019-01-15 20:33:30,401 - org.springframework.web.servlet.mvc.method.annotation.RequestMappingHandlerMapping - Mapped "{[/welcome]}" onto public java.lang.String com.fan1111.controller.LoginController.doLogin(java.lang.String,java.lang.String,javax.servlet.http.HttpSession,javax.servlet.http.HttpServletRequest,org.springframework.ui.Model)
2019-01-15 20:33:30,401 - org.springframework.web.servlet.mvc.method.annotation.RequestMappingHandlerMapping - Mapped "{[/exit.html]}" onto public java.lang.String com.fan1111.controller.LoginController.loginOut(javax.servlet.http.HttpSession)
2019-01-15 20:33:30,401 - org.springframework.web.servlet.mvc.method.annotation.RequestMappingHandlerMapping - Mapped "{[/]}" onto public java.lang.String com.fan1111.controller.LoginController.login()
2019-01-15 20:33:30,401 - org.springframework.web.servlet.mvc.method.annotation.RequestMappingHandlerMapping - Mapped "{[/forgetPassword.html]}" onto public java.lang.String com.fan1111.controller.LoginController.forgetPassword()
2019-01-15 20:33:30,402 - org.springframework.web.servlet.mvc.method.annotation.RequestMappingHandlerMapping - Mapped "{[/student],methods=[GET]}" onto public java.lang.String com.fan1111.controller.StudentController.queryStudens(java.lang.String,java.lang.String,org.springframework.ui.Model)
2019-01-15 20:33:30,403 - org.springframework.web.servlet.mvc.method.annotation.RequestMappingHandlerMapping - Mapped "{[/user/userAdd.html]}" onto public java.lang.String com.fan1111.controller.UserController.addUser()
2019-01-15 20:33:30,403 - org.springframework.web.servlet.mvc.method.annotation.RequestMappingHandlerMapping - Mapped "{[/user/checkCode],methods=[GET]}" onto public java.lang.Object com.fan1111.controller.UserController.checkCode(java.lang.String)
2019-01-15 20:33:30,403 - org.springframework.web.servlet.mvc.method.annotation.RequestMappingHandlerMapping - Mapped "{[/user],methods=[GET]}" onto public java.lang.String com.fan1111.controller.UserController.findUsers(java.lang.String,java.lang.String,org.springframework.ui.Model)
2019-01-15 20:33:30,404 - org.springframework.web.servlet.mvc.method.annotation.RequestMappingHandlerMapping - Mapped "{[/user/userUpdate.html],methods=[POST]}" onto public java.lang.String com.fan1111.controller.UserController.updateUser(com.fan1111.entity.User,javax.servlet.http.HttpSession)
2019-01-15 20:33:30,404 - org.springframework.web.servlet.mvc.method.annotation.RequestMappingHandlerMapping - Mapped "{[/user/userModify.html]}" onto public java.lang.String com.fan1111.controller.UserController.modifyUser(java.lang.Integer,javax.servlet.http.HttpServletRequest)
2019-01-15 20:33:30,404 - org.springframework.web.servlet.mvc.method.annotation.RequestMappingHandlerMapping - Mapped "{[/user/view],methods=[GET]}" onto public com.fan1111.entity.User com.fan1111.controller.UserController.viewUser(java.lang.String)
2019-01-15 20:33:30,404 - org.springframework.web.servlet.mvc.method.annotation.RequestMappingHandlerMapping - Mapped "{[/user/userSave.html],methods=[POST]}" onto public java.lang.String com.fan1111.controller.UserController.saveUser(com.fan1111.entity.User,javax.servlet.http.HttpSession,org.springframework.web.multipart.MultipartFile[],javax.servlet.http.HttpServletRequest)
2019-01-15 20:33:30,404 - org.springframework.web.servlet.mvc.method.annotation.RequestMappingHandlerMapping - Mapped "{[/user/checkOldPassword],methods=[GET]}" onto public java.lang.Object com.fan1111.controller.UserController.checkOldPassword(java.lang.String,javax.servlet.http.HttpSession)
2019-01-15 20:33:30,404 - org.springframework.web.servlet.mvc.method.annotation.RequestMappingHandlerMapping - Mapped "{[/user/syserror]}" onto public java.lang.String com.fan1111.controller.UserController.errorPage()
2019-01-15 20:33:30,405 - org.springframework.web.servlet.mvc.method.annotation.RequestMappingHandlerMapping - Mapped "{[/user/deleteUser],methods=[GET]}" onto public java.lang.Object com.fan1111.controller.UserController.deleteUser(java.lang.Integer)
2019-01-15 20:33:30,405 - org.springframework.web.servlet.mvc.method.annotation.RequestMappingHandlerMapping - Mapped "{[/user/pwdSave.html]}" onto public java.lang.String com.fan1111.controller.UserController.updateUserPassword(java.lang.String,java.lang.String,java.lang.String,javax.servlet.http.HttpSession,javax.servlet.http.HttpServletRequest)
2019-01-15 20:33:30,405 - org.springframework.web.servlet.mvc.method.annotation.RequestMappingHandlerMapping - Mapped "{[/user/pwdModify.html]}" onto public java.lang.String com.fan1111.controller.UserController.modifyUserPassword()
2019-01-15 20:33:30,406 - org.springframework.web.servlet.mvc.method.annotation.RequestMappingHandlerMapping - Mapped "{[/error]}" onto public org.springframework.http.ResponseEntity<java.util.Map<java.lang.String, java.lang.Object>> org.springframework.boot.autoconfigure.web.BasicErrorController.error(javax.servlet.http.HttpServletRequest)
2019-01-15 20:33:30,407 - org.springframework.web.servlet.mvc.method.annotation.RequestMappingHandlerMapping - Mapped "{[/error],produces=[text/html]}" onto public org.springframework.web.servlet.ModelAndView org.springframework.boot.autoconfigure.web.BasicErrorController.errorHtml(javax.servlet.http.HttpServletRequest,javax.servlet.http.HttpServletResponse)
2019-01-15 20:33:30,413 - org.springframework.web.servlet.handler.SimpleUrlHandlerMapping - Mapped URL path [/webjars/**] onto handler of type [class org.springframework.web.servlet.resource.ResourceHttpRequestHandler]
2019-01-15 20:33:30,413 - org.springframework.web.servlet.handler.SimpleUrlHandlerMapping - Mapped URL path [/**] onto handler of type [class org.springframework.web.servlet.resource.ResourceHttpRequestHandler]
2019-01-15 20:33:30,426 - org.springframework.web.servlet.handler.SimpleUrlHandlerMapping - Mapped URL path [/**/favicon.ico] onto handler of type [class org.springframework.web.servlet.resource.ResourceHttpRequestHandler]
2019-01-15 20:33:30,491 - org.springframework.boot.devtools.autoconfigure.OptionalLiveReloadServer - LiveReload server is running on port 35729
2019-01-15 20:33:30,525 - org.springframework.jmx.export.annotation.AnnotationMBeanExporter - Registering beans for JMX exposure on startup
2019-01-15 20:33:30,526 - org.springframework.jmx.export.annotation.AnnotationMBeanExporter - Bean with name 'dataSource' has been autodetected for JMX exposure
2019-01-15 20:33:30,527 - org.springframework.jmx.export.annotation.AnnotationMBeanExporter - Located MBean 'dataSource': registering with JMX server as MBean [com.alibaba.druid.pool:name=dataSource,type=DruidDataSource]
2019-01-15 20:33:30,530 - org.apache.coyote.http11.Http11NioProtocol - Starting ProtocolHandler ["http-nio-80"]
2019-01-15 20:33:30,531 - org.apache.tomcat.util.net.NioSelectorPool - Using a shared selector for servlet write/read
2019-01-15 20:33:30,534 - org.springframework.boot.context.embedded.tomcat.TomcatEmbeddedServletContainer - Tomcat started on port(s): 80 (http)
2019-01-15 20:33:30,535 - com.fan1111.WildMisApplication - Started WildMisApplication in 0.733 seconds (JVM running for 71.99)
